Log file open, 11/12/20 20:32:54
LogInit: Display: Running engine for game: summer_project
LogPlatformFile: Not using cached read wrapper
LogTaskGraph: Started task graph with 5 named threads and 23 total threads with 3 sets of task threads.
LogStats: Stats thread started at 0.169142
LogD3D11RHI: Loaded GFSDK_Aftermath_Lib.x64.dll
LogICUInternationalization: ICU TimeZone Detection - Raw Offset: -5:00, Platform Override: ''
LogPluginManager: Mounting plugin Paper2D
LogPluginManager: Mounting plugin AISupport
LogPluginManager: Mounting plugin LightPropagationVolume
LogPluginManager: Mounting plugin CameraShakePreviewer
LogPluginManager: Mounting plugin ActorLayerUtilities
LogPluginManager: Mounting plugin AnimationSharing
LogPluginManager: Mounting plugin CLionSourceCodeAccess
LogPluginManager: Mounting plugin CodeLiteSourceCodeAccess
LogPluginManager: Mounting plugin GitSourceControl
LogPluginManager: Mounting plugin KDevelopSourceCodeAccess
LogPluginManager: Mounting plugin NullSourceCodeAccess
LogPluginManager: Mounting plugin PerforceSourceControl
LogPluginManager: Mounting plugin PlasticSourceControl
LogPluginManager: Mounting plugin RiderSourceCodeAccess
LogPluginManager: Mounting plugin SubversionSourceControl
LogPluginManager: Mounting plugin UObjectPlugin
LogPluginManager: Mounting plugin VisualStudioCodeSourceCodeAccess
LogPluginManager: Mounting plugin VisualStudioSourceCodeAccess
LogPluginManager: Mounting plugin XCodeSourceCodeAccess
LogPluginManager: Mounting plugin AssetManagerEditor
LogPluginManager: Mounting plugin CryptoKeys
LogPluginManager: Mounting plugin CurveEditorTools
LogPluginManager: Mounting plugin DataValidation
LogPluginManager: Mounting plugin EditorScriptingUtilities
LogPluginManager: Mounting plugin FacialAnimation
LogPluginManager: Mounting plugin GameplayTagsEditor
LogPluginManager: Mounting plugin GeometryMode
LogPluginManager: Mounting plugin MacGraphicsSwitching
LogPluginManager: Mounting plugin MaterialAnalyzer
LogPluginManager: Mounting plugin MobileLauncherProfileWizard
LogPluginManager: Mounting plugin PluginBrowser
LogPluginManager: Mounting plugin SpeedTreeImporter
LogPluginManager: Mounting plugin DatasmithContent
LogPluginManager: Mounting plugin VariantManagerContent
LogPluginManager: Mounting plugin AlembicImporter
LogPluginManager: Mounting plugin AutomationUtils
LogPluginManager: Mounting plugin BackChannel
LogPluginManager: Mounting plugin ChaosCloth
LogPluginManager: Mounting plugin ChaosClothEditor
LogPluginManager: Mounting plugin ChaosEditor
LogPluginManager: Mounting plugin ChaosNiagara
LogPluginManager: Mounting plugin ChaosSolverPlugin
LogPluginManager: Mounting plugin CharacterAI
LogPluginManager: Mounting plugin GeometryCache
LogPluginManager: Mounting plugin GeometryCollectionPlugin
LogPluginManager: Mounting plugin GeometryProcessing
LogPluginManager: Mounting plugin PlanarCut
LogPluginManager: Mounting plugin PlatformCrypto
LogPluginManager: Mounting plugin ProxyLODPlugin
LogPluginManager: Mounting plugin SkeletalReduction
LogPluginManager: Mounting plugin Niagara
LogPluginManager: Mounting plugin MagicLeap
LogPluginManager: Mounting plugin MagicLeapLightEstimation
LogPluginManager: Mounting plugin MagicLeapMedia
LogPluginManager: Mounting plugin MagicLeapPassableWorld
LogPluginManager: Mounting plugin MLSDK
LogPluginManager: Mounting plugin UIWS
LogPluginManager: Mounting plugin AndroidMedia
LogPluginManager: Mounting plugin AvfMedia
LogPluginManager: Mounting plugin ImgMedia
LogPluginManager: Mounting plugin MediaCompositing
LogPluginManager: Mounting plugin MediaPlayerEditor
LogPluginManager: Mounting plugin WebMMedia
LogPluginManager: Mounting plugin WmfMedia
LogPluginManager: Mounting plugin MeshPainting
LogPluginManager: Mounting plugin TcpMessaging
LogPluginManager: Mounting plugin UdpMessaging
LogPluginManager: Mounting plugin ActorSequence
LogPluginManager: Mounting plugin LevelSequenceEditor
LogPluginManager: Mounting plugin MatineeToLevelSequence
LogPluginManager: Mounting plugin MovieRenderPipeline
LogPluginManager: Mounting plugin TemplateSequence
LogPluginManager: Mounting plugin NetcodeUnitTest
LogPluginManager: Mounting plugin NUTUnrealEngine4
LogPluginManager: Mounting plugin OnlineSubsystemGooglePlay
LogPluginManager: Mounting plugin OnlineSubsystemIOS
LogPluginManager: Mounting plugin OnlineSubsystem
LogPluginManager: Mounting plugin OnlineSubsystemNull
LogPluginManager: Mounting plugin OnlineSubsystemUtils
LogPluginManager: Mounting plugin LauncherChunkInstaller
LogPluginManager: Mounting plugin AndroidDeviceProfileSelector
LogPluginManager: Mounting plugin AndroidMoviePlayer
LogPluginManager: Mounting plugin AndroidPermission
LogPluginManager: Mounting plugin AppleImageUtils
LogPluginManager: Mounting plugin AppleMoviePlayer
LogPluginManager: Mounting plugin ArchVisCharacter
LogPluginManager: Mounting plugin AssetTags
LogPluginManager: Mounting plugin AudioCapture
LogPluginManager: Mounting plugin CableComponent
LogPluginManager: Mounting plugin CustomMeshComponent
LogPluginManager: Mounting plugin EditableMesh
LogPluginManager: Mounting plugin ExampleDeviceProfileSelector
LogPluginManager: Mounting plugin GoogleCloudMessaging
LogPluginManager: Mounting plugin GooglePAD
LogPluginManager: Mounting plugin IOSDeviceProfileSelector
LogPluginManager: Mounting plugin LinuxDeviceProfileSelector
LogPluginManager: Mounting plugin LocationServicesBPLibrary
LogPluginManager: Mounting plugin MobilePatchingUtils
LogPluginManager: Mounting plugin OculusVR
LogPluginManager: Mounting plugin PhysXVehicles
LogPluginManager: Mounting plugin PostSplashScreen
LogPluginManager: Mounting plugin ProceduralMeshComponent
LogPluginManager: Mounting plugin RuntimePhysXCooking
LogPluginManager: Mounting plugin SignificanceManager
LogPluginManager: Mounting plugin SoundFields
LogPluginManager: Mounting plugin SteamVR
LogPluginManager: Mounting plugin Synthesis
LogPluginManager: Mounting plugin WebMMoviePlayer
LogPluginManager: Mounting plugin WindowsMoviePlayer
LogPluginManager: Mounting plugin ScreenshotTools
LogInit: Using libcurl 7.55.1-DEV
LogInit:  - built for x86_64-pc-win32
LogInit:  - supports SSL with OpenSSL/1.1.1
LogInit:  - supports HTTP deflate (compression) using libz 1.2.8
LogInit:  - other features:
LogInit:      CURL_VERSION_SSL
LogInit:      CURL_VERSION_LIBZ
LogInit:      CURL_VERSION_IPV6
LogInit:      CURL_VERSION_ASYNCHDNS
LogInit:      CURL_VERSION_LARGEFILE
LogInit:      CURL_VERSION_IDN
LogInit:  CurlRequestOptions (configurable via config and command line):
LogInit:  - bVerifyPeer = true  - Libcurl will verify peer certificate
LogInit:  - bUseHttpProxy = false  - Libcurl will NOT use HTTP proxy
LogInit:  - bDontReuseConnections = false  - Libcurl will reuse connections
LogInit:  - MaxHostConnections = 16  - Libcurl will limit the number of connections to a host
LogInit:  - LocalHostAddr = Default
LogInit:  - BufferSize = 65536
LogOnline: OSS: Creating online subsystem instance for: NULL
LogInit: WinSock: version 1.1 (2.2), MaxSocks=32767, MaxUdp=65467
LogOnline: OSS: TryLoadSubsystemAndSetDefault: Loaded subsystem for module [NULL]
LogInit: Build: ++UE4+Release-4.25-CL-13942748
LogInit: Engine Version: 4.25.3-13942748+++UE4+Release-4.25
LogInit: Compatible Engine Version: 4.25.0-13144385+++UE4+Release-4.25
LogInit: Net CL: 13144385
LogInit: OS: Windows 10 (Release 2004) (), CPU: Intel(R) Core(TM) i7-7700K CPU @ 4.20GHz, GPU: NVIDIA GeForce GTX 1070
LogInit: Compiled (64-bit): Jul 25 2020 02:07:48
LogInit: Compiled with Visual C++: 19.24.28315.00
LogInit: Build Configuration: Development
LogInit: Branch Name: ++UE4+Release-4.25
LogInit: Command Line: 
LogInit: Base Directory: G:/ue4/UE_4.25/Engine/Binaries/Win64/
LogInit: Allocator: TBB
LogInit: Installed Engine Build: 1
LogDevObjectVersion: Number of dev versions registered: 26
LogDevObjectVersion:   Dev-Blueprints (B0D832E4-1F89-4F0D-ACCF-7EB736FD4AA2): 10
LogDevObjectVersion:   Dev-Build (E1C64328-A22C-4D53-A36C-8E866417BD8C): 0
LogDevObjectVersion:   Dev-Core (375EC13C-06E4-48FB-B500-84F0262A717E): 4
LogDevObjectVersion:   Dev-Editor (E4B068ED-F494-42E9-A231-DA0B2E46BB41): 38
LogDevObjectVersion:   Dev-Framework (CFFC743F-43B0-4480-9391-14DF171D2073): 37
LogDevObjectVersion:   Dev-Mobile (B02B49B5-BB20-44E9-A304-32B752E40360): 2
LogDevObjectVersion:   Dev-Networking (A4E4105C-59A1-49B5-A7C5-40C4547EDFEE): 0
LogDevObjectVersion:   Dev-Online (39C831C9-5AE6-47DC-9A44-9C173E1C8E7C): 0
LogDevObjectVersion:   Dev-Physics (78F01B33-EBEA-4F98-B9B4-84EACCB95AA2): 4
LogDevObjectVersion:   Dev-Platform (6631380F-2D4D-43E0-8009-CF276956A95A): 0
LogDevObjectVersion:   Dev-Rendering (12F88B9F-8875-4AFC-A67C-D90C383ABD29): 43
LogDevObjectVersion:   Dev-Sequencer (7B5AE74C-D270-4C10-A958-57980B212A5A): 12
LogDevObjectVersion:   Dev-VR (D7296918-1DD6-4BDD-9DE2-64A83CC13884): 3
LogDevObjectVersion:   Dev-LoadTimes (C2A15278-BFE7-4AFE-6C17-90FF531DF755): 1
LogDevObjectVersion:   Private-Geometry (6EACA3D4-40EC-4CC1-B786-8BED09428FC5): 3
LogDevObjectVersion:   Dev-AnimPhys (29E575DD-E0A3-4627-9D10-D276232CDCEA): 17
LogDevObjectVersion:   Dev-Anim (AF43A65D-7FD3-4947-9873-3E8ED9C1BB05): 7
LogDevObjectVersion:   Dev-ReflectionCapture (6B266CEC-1EC7-4B8F-A30B-E4D90942FC07): 1
LogDevObjectVersion:   Dev-Automation (0DF73D61-A23F-47EA-B727-89E90C41499A): 1
LogDevObjectVersion:   FortniteMain (601D1886-AC64-4F84-AA16-D3DE0DEAC7D6): 31
LogDevObjectVersion:   Dev-Enterprise (9DFFBCD6-494F-0158-E221-12823C92A888): 10
LogDevObjectVersion:   Dev-Niagara (F2AED0AC-9AFE-416F-8664-AA7FFA26D6FC): 1
LogDevObjectVersion:   Dev-Destruction (174F1F0B-B4C6-45A5-B13F-2EE8D0FB917D): 10
LogDevObjectVersion:   Dev-Physics-Ext (35F94A83-E258-406C-A318-09F59610247C): 37
LogDevObjectVersion:   Dev-PhysicsMaterial-Chaos (B68FC16E-8B1B-42E2-B453-215C058844FE): 1
LogDevObjectVersion:   Dev-CineCamera (B2E18506-4273-CFC2-A54E-F4BB758BBA07): 1
LogInit: Presizing for max 25165824 objects, including 0 objects not considered by GC, pre-allocating 0 bytes for permanent pool.
LogConfig: Applying CVar settings from Section [/Script/Engine.StreamingSettings] File [G:/ue4/projects/summerproject/summer-project/summer_project 4.25/Saved/Config/Windows/Engine.ini]
LogConfig: Setting CVar [[s.MinBulkDataSizeForAsyncLoading:131072]]
LogConfig: Setting CVar [[s.AsyncLoadingThreadEnabled:0]]
LogConfig: Setting CVar [[s.EventDrivenLoaderEnabled:1]]
LogConfig: Setting CVar [[s.WarnIfTimeLimitExceeded:0]]
LogConfig: Setting CVar [[s.TimeLimitExceededMultiplier:1.5]]
LogConfig: Setting CVar [[s.TimeLimitExceededMinTime:0.005]]
LogConfig: Setting CVar [[s.UseBackgroundLevelStreaming:1]]
LogConfig: Setting CVar [[s.PriorityAsyncLoadingExtraTime:15.0]]
LogConfig: Setting CVar [[s.LevelStreamingActorsUpdateTimeLimit:5.0]]
LogConfig: Setting CVar [[s.PriorityLevelStreamingActorsUpdateExtraTime:5.0]]
LogConfig: Setting CVar [[s.LevelStreamingComponentsRegistrationGranularity:10]]
LogConfig: Setting CVar [[s.UnregisterComponentsTimeLimit:1.0]]
LogConfig: Setting CVar [[s.LevelStreamingComponentsUnregistrationGranularity:5]]
LogConfig: Setting CVar [[s.FlushStreamingOnExit:1]]
LogInit: Object subsystem initialized
LogConfig: Setting CVar [[con.DebugEarlyDefault:1]]
LogConfig: Setting CVar [[r.setres:1280x720]]
[2020.11.13-01.32.54:271][  0]LogConfig: Setting CVar [[r.VSync:0]]
[2020.11.13-01.32.54:271][  0]LogConfig: Setting CVar [[r.RHICmdBypass:0]]
[2020.11.13-01.32.54:271][  0]LogConfig: Applying CVar settings from Section [/Script/Engine.RendererSettings] File [G:/ue4/projects/summerproject/summer-project/summer_project 4.25/Saved/Config/Windows/Engine.ini]
[2020.11.13-01.32.54:271][  0]LogConfig: Setting CVar [[r.GPUCrashDebugging:0]]
[2020.11.13-01.32.54:271][  0]LogConfig: Applying CVar settings from Section [/Script/Engine.RendererOverrideSettings] File [G:/ue4/projects/summerproject/summer-project/summer_project 4.25/Saved/Config/Windows/Engine.ini]
[2020.11.13-01.32.54:271][  0]LogConfig: Applying CVar settings from Section [/Script/Engine.StreamingSettings] File [G:/ue4/projects/summerproject/summer-project/summer_project 4.25/Saved/Config/Windows/Engine.ini]
[2020.11.13-01.32.54:271][  0]LogConfig: Setting CVar [[s.MinBulkDataSizeForAsyncLoading:131072]]
[2020.11.13-01.32.54:271][  0]LogConfig: Setting CVar [[s.AsyncLoadingThreadEnabled:0]]
[2020.11.13-01.32.54:271][  0]LogConfig: Setting CVar [[s.EventDrivenLoaderEnabled:1]]
[2020.11.13-01.32.54:271][  0]LogConfig: Setting CVar [[s.WarnIfTimeLimitExceeded:0]]
[2020.11.13-01.32.54:271][  0]LogConfig: Setting CVar [[s.TimeLimitExceededMultiplier:1.5]]
[2020.11.13-01.32.54:271][  0]LogConfig: Setting CVar [[s.TimeLimitExceededMinTime:0.005]]
[2020.11.13-01.32.54:271][  0]LogConfig: Setting CVar [[s.UseBackgroundLevelStreaming:1]]
[2020.11.13-01.32.54:271][  0]LogConfig: Setting CVar [[s.PriorityAsyncLoadingExtraTime:15.0]]
[2020.11.13-01.32.54:271][  0]LogConfig: Setting CVar [[s.LevelStreamingActorsUpdateTimeLimit:5.0]]
[2020.11.13-01.32.54:271][  0]LogConfig: Setting CVar [[s.PriorityLevelStreamingActorsUpdateExtraTime:5.0]]
[2020.11.13-01.32.54:271][  0]LogConfig: Setting CVar [[s.LevelStreamingComponentsRegistrationGranularity:10]]
[2020.11.13-01.32.54:271][  0]LogConfig: Setting CVar [[s.UnregisterComponentsTimeLimit:1.0]]
[2020.11.13-01.32.54:271][  0]LogConfig: Setting CVar [[s.LevelStreamingComponentsUnregistrationGranularity:5]]
[2020.11.13-01.32.54:272][  0]LogConfig: Setting CVar [[s.FlushStreamingOnExit:1]]
[2020.11.13-01.32.54:272][  0]LogConfig: Applying CVar settings from Section [/Script/Engine.GarbageCollectionSettings] File [G:/ue4/projects/summerproject/summer-project/summer_project 4.25/Saved/Config/Windows/Engine.ini]
[2020.11.13-01.32.54:272][  0]LogConfig: Setting CVar [[gc.MaxObjectsNotConsideredByGC:1]]
[2020.11.13-01.32.54:272][  0]LogConfig: Setting CVar [[gc.SizeOfPermanentObjectPool:0]]
[2020.11.13-01.32.54:272][  0]LogConfig: Setting CVar [[gc.FlushStreamingOnGC:0]]
[2020.11.13-01.32.54:272][  0]LogConfig: Setting CVar [[gc.NumRetriesBeforeForcingGC:10]]
[2020.11.13-01.32.54:272][  0]LogConfig: Setting CVar [[gc.AllowParallelGC:1]]
[2020.11.13-01.32.54:272][  0]LogConfig: Setting CVar [[gc.TimeBetweenPurgingPendingKillObjects:61.1]]
[2020.11.13-01.32.54:272][  0]LogConfig: Setting CVar [[gc.MaxObjectsInEditor:25165824]]
[2020.11.13-01.32.54:272][  0]LogConfig: Setting CVar [[gc.IncrementalBeginDestroyEnabled:1]]
[2020.11.13-01.32.54:272][  0]LogConfig: Setting CVar [[gc.CreateGCClusters:1]]
[2020.11.13-01.32.54:272][  0]LogConfig: Setting CVar [[gc.MinGCClusterSize:5]]
[2020.11.13-01.32.54:272][  0]LogConfig: Setting CVar [[gc.ActorClusteringEnabled:0]]
[2020.11.13-01.32.54:272][  0]LogConfig: Setting CVar [[gc.BlueprintClusteringEnabled:0]]
[2020.11.13-01.32.54:272][  0]LogConfig: Setting CVar [[gc.UseDisregardForGCOnDedicatedServers:0]]
[2020.11.13-01.32.54:272][  0]LogConfig: Applying CVar settings from Section [/Script/Engine.NetworkSettings] File [G:/ue4/projects/summerproject/summer-project/summer_project 4.25/Saved/Config/Windows/Engine.ini]
[2020.11.13-01.32.54:272][  0]LogConfig: Applying CVar settings from Section [/Script/UnrealEd.CookerSettings] File [G:/ue4/projects/summerproject/summer-project/summer_project 4.25/Saved/Config/Windows/Engine.ini]
[2020.11.13-01.32.54:276][  0]LogConfig: Applying CVar settings from Section [ViewDistanceQuality@3] File [G:/ue4/projects/summerproject/summer-project/summer_project 4.25/Saved/Config/Windows/Scalability.ini]
[2020.11.13-01.32.54:276][  0]LogConfig: Setting CVar [[r.SkeletalMeshLODBias:0]]
[2020.11.13-01.32.54:276][  0]LogConfig: Setting CVar [[r.ViewDistanceScale:1.0]]
[2020.11.13-01.32.54:276][  0]LogConfig: Applying CVar settings from Section [AntiAliasingQuality@3] File [G:/ue4/projects/summerproject/summer-project/summer_project 4.25/Saved/Config/Windows/Scalability.ini]
[2020.11.13-01.32.54:276][  0]LogConfig: Setting CVar [[r.PostProcessAAQuality:4]]
[2020.11.13-01.32.54:276][  0]LogConfig: Applying CVar settings from Section [ShadowQuality@3] File [G:/ue4/projects/summerproject/summer-project/summer_project 4.25/Saved/Config/Windows/Scalability.ini]
[2020.11.13-01.32.54:276][  0]LogConfig: Setting CVar [[r.LightFunctionQuality:1]]
[2020.11.13-01.32.54:276][  0]LogConfig: Setting CVar [[r.ShadowQuality:5]]
[2020.11.13-01.32.54:276][  0]LogConfig: Setting CVar [[r.Shadow.CSM.MaxCascades:10]]
[2020.11.13-01.32.54:276][  0]LogConfig: Setting CVar [[r.Shadow.MaxResolution:2048]]
[2020.11.13-01.32.54:276][  0]LogConfig: Setting CVar [[r.Shadow.MaxCSMResolution:2048]]
[2020.11.13-01.32.54:276][  0]LogConfig: Setting CVar [[r.Shadow.RadiusThreshold:0.01]]
[2020.11.13-01.32.54:276][  0]LogConfig: Setting CVar [[r.Shadow.DistanceScale:1.0]]
[2020.11.13-01.32.54:276][  0]LogConfig: Setting CVar [[r.Shadow.CSM.TransitionScale:1.0]]
[2020.11.13-01.32.54:276][  0]LogConfig: Setting CVar [[r.Shadow.PreShadowResolutionFactor:1.0]]
[2020.11.13-01.32.54:276][  0]LogConfig: Setting CVar [[r.DistanceFieldShadowing:1]]
[2020.11.13-01.32.54:276][  0]LogConfig: Setting CVar [[r.DistanceFieldAO:1]]
[2020.11.13-01.32.54:276][  0]LogConfig: Setting CVar [[r.AOQuality:2]]
[2020.11.13-01.32.54:276][  0]LogConfig: Setting CVar [[r.VolumetricFog:1]]
[2020.11.13-01.32.54:276][  0]LogConfig: Setting CVar [[r.VolumetricFog.GridPixelSize:8]]
[2020.11.13-01.32.54:276][  0]LogConfig: Setting CVar [[r.VolumetricFog.GridSizeZ:128]]
[2020.11.13-01.32.54:276][  0]LogConfig: Setting CVar [[r.VolumetricFog.HistoryMissSupersampleCount:4]]
[2020.11.13-01.32.54:276][  0]LogConfig: Setting CVar [[r.LightMaxDrawDistanceScale:1]]
[2020.11.13-01.32.54:276][  0]LogConfig: Setting CVar [[r.CapsuleShadows:1]]
[2020.11.13-01.32.54:276][  0]LogConfig: Applying CVar settings from Section [PostProcessQuality@3] File [G:/ue4/projects/summerproject/summer-project/summer_project 4.25/Saved/Config/Windows/Scalability.ini]
[2020.11.13-01.32.54:276][  0]LogConfig: Setting CVar [[r.MotionBlurQuality:4]]
[2020.11.13-01.32.54:276][  0]LogConfig: Setting CVar [[r.AmbientOcclusionMipLevelFactor:0.4]]
[2020.11.13-01.32.54:276][  0]LogConfig: Setting CVar [[r.AmbientOcclusionMaxQuality:100]]
[2020.11.13-01.32.54:276][  0]LogConfig: Setting CVar [[r.AmbientOcclusionLevels:-1]]
[2020.11.13-01.32.54:276][  0]LogConfig: Setting CVar [[r.AmbientOcclusionRadiusScale:1.0]]
[2020.11.13-01.32.54:276][  0]LogConfig: Setting CVar [[r.DepthOfFieldQuality:2]]
[2020.11.13-01.32.54:276][  0]LogConfig: Setting CVar [[r.RenderTargetPoolMin:400]]
[2020.11.13-01.32.54:276][  0]LogConfig: Setting CVar [[r.LensFlareQuality:2]]
[2020.11.13-01.32.54:276][  0]LogConfig: Setting CVar [[r.SceneColorFringeQuality:1]]
[2020.11.13-01.32.54:276][  0]LogConfig: Setting CVar [[r.EyeAdaptationQuality:2]]
[2020.11.13-01.32.54:276][  0]LogConfig: Setting CVar [[r.BloomQuality:5]]
[2020.11.13-01.32.54:276][  0]LogConfig: Setting CVar [[r.FastBlurThreshold:100]]
[2020.11.13-01.32.54:276][  0]LogConfig: Setting CVar [[r.Upscale.Quality:3]]
[2020.11.13-01.32.54:276][  0]LogConfig: Setting CVar [[r.Tonemapper.GrainQuantization:1]]
[2020.11.13-01.32.54:276][  0]LogConfig: Setting CVar [[r.LightShaftQuality:1]]
[2020.11.13-01.32.54:276][  0]LogConfig: Setting CVar [[r.Filter.SizeScale:1]]
[2020.11.13-01.32.54:276][  0]LogConfig: Setting CVar [[r.Tonemapper.Quality:5]]
[2020.11.13-01.32.54:276][  0]LogConfig: Setting CVar [[r.DOF.Gather.AccumulatorQuality:1        ; higher gathering accumulator quality]]
[2020.11.13-01.32.54:276][  0]LogConfig: Setting CVar [[r.DOF.Gather.PostfilterMethod:1          ; Median3x3 postfilering method]]
[2020.11.13-01.32.54:276][  0]LogConfig: Setting CVar [[r.DOF.Gather.EnableBokehSettings:0       ; no bokeh simulation when gathering]]
[2020.11.13-01.32.54:276][  0]LogConfig: Setting CVar [[r.DOF.Gather.RingCount:4                 ; medium number of samples when gathering]]
[2020.11.13-01.32.54:276][  0]LogConfig: Setting CVar [[r.DOF.Scatter.ForegroundCompositing:1    ; additive foreground scattering]]
[2020.11.13-01.32.54:276][  0]LogConfig: Setting CVar [[r.DOF.Scatter.BackgroundCompositing:2    ; additive background scattering]]
[2020.11.13-01.32.54:276][  0]LogConfig: Setting CVar [[r.DOF.Scatter.EnableBokehSettings:1      ; bokeh simulation when scattering]]
[2020.11.13-01.32.54:276][  0]LogConfig: Setting CVar [[r.DOF.Scatter.MaxSpriteRatio:0.1         ; only a maximum of 10% of scattered bokeh]]
[2020.11.13-01.32.54:276][  0]LogConfig: Setting CVar [[r.DOF.Recombine.Quality:1                ; cheap slight out of focus]]
[2020.11.13-01.32.54:276][  0]LogConfig: Setting CVar [[r.DOF.Recombine.EnableBokehSettings:0    ; no bokeh simulation on slight out of focus]]
[2020.11.13-01.32.54:276][  0]LogConfig: Setting CVar [[r.DOF.TemporalAAQuality:1                ; more stable temporal accumulation]]
[2020.11.13-01.32.54:276][  0]LogConfig: Setting CVar [[r.DOF.Kernel.MaxForegroundRadius:0.025]]
[2020.11.13-01.32.54:276][  0]LogConfig: Setting CVar [[r.DOF.Kernel.MaxBackgroundRadius:0.025]]
[2020.11.13-01.32.54:276][  0]LogConfig: Applying CVar settings from Section [TextureQuality@3] File [G:/ue4/projects/summerproject/summer-project/summer_project 4.25/Saved/Config/Windows/Scalability.ini]
[2020.11.13-01.32.54:276][  0]LogConfig: Setting CVar [[r.Streaming.MipBias:0]]
[2020.11.13-01.32.54:276][  0]LogConfig: Setting CVar [[r.Streaming.AmortizeCPUToGPUCopy:0]]
[2020.11.13-01.32.54:276][  0]LogConfig: Setting CVar [[r.Streaming.MaxNumTexturesToStreamPerFrame:0]]
[2020.11.13-01.32.54:276][  0]LogConfig: Setting CVar [[r.Streaming.Boost:1]]
[2020.11.13-01.32.54:276][  0]LogConfig: Setting CVar [[r.MaxAnisotropy:8]]
[2020.11.13-01.32.54:276][  0]LogConfig: Setting CVar [[r.VT.MaxAnisotropy:8]]
[2020.11.13-01.32.54:276][  0]LogConfig: Setting CVar [[r.Streaming.LimitPoolSizeToVRAM:0]]
[2020.11.13-01.32.54:276][  0]LogConfig: Setting CVar [[r.Streaming.PoolSize:1000]]
[2020.11.13-01.32.54:276][  0]LogConfig: Setting CVar [[r.Streaming.MaxEffectiveScreenSize:0]]
[2020.11.13-01.32.54:276][  0]LogConfig: Applying CVar settings from Section [EffectsQuality@3] File [G:/ue4/projects/summerproject/summer-project/summer_project 4.25/Saved/Config/Windows/Scalability.ini]
[2020.11.13-01.32.54:276][  0]LogConfig: Setting CVar [[r.TranslucencyLightingVolumeDim:64]]
[2020.11.13-01.32.54:276][  0]LogConfig: Setting CVar [[r.RefractionQuality:2]]
[2020.11.13-01.32.54:276][  0]LogConfig: Setting CVar [[r.SSR.Quality:3]]
[2020.11.13-01.32.54:276][  0]LogConfig: Setting CVar [[r.SSR.HalfResSceneColor:0]]
[2020.11.13-01.32.54:276][  0]LogConfig: Setting CVar [[r.SceneColorFormat:4]]
[2020.11.13-01.32.54:276][  0]LogConfig: Setting CVar [[r.DetailMode:2]]
[2020.11.13-01.32.54:276][  0]LogConfig: Setting CVar [[r.TranslucencyVolumeBlur:1]]
[2020.11.13-01.32.54:276][  0]LogConfig: Setting CVar [[r.MaterialQualityLevel:1 ; High quality]]
[2020.11.13-01.32.54:276][  0]LogConfig: Setting CVar [[r.SSS.Scale:1]]
[2020.11.13-01.32.54:276][  0]LogConfig: Setting CVar [[r.SSS.SampleSet:2]]
[2020.11.13-01.32.54:276][  0]LogConfig: Setting CVar [[r.SSS.Quality:1]]
[2020.11.13-01.32.54:276][  0]LogConfig: Setting CVar [[r.SSS.HalfRes:0]]
[2020.11.13-01.32.54:276][  0]LogConfig: Setting CVar [[r.SSGI.Quality:3]]
[2020.11.13-01.32.54:276][  0]LogConfig: Setting CVar [[r.EmitterSpawnRateScale:1.0]]
[2020.11.13-01.32.54:276][  0]LogConfig: Setting CVar [[r.ParticleLightQuality:2]]
[2020.11.13-01.32.54:276][  0]LogConfig: Setting CVar [[r.SkyAtmosphere.AerialPerspectiveLUT.FastApplyOnOpaque:1 ; Always have FastSkyLUT 1 in this case to avoid wrong sky]]
[2020.11.13-01.32.54:276][  0]LogConfig: Setting CVar [[r.SkyAtmosphere.AerialPerspectiveLUT.SampleCountPerSlice:1]]
[2020.11.13-01.32.54:276][  0]LogConfig: Setting CVar [[r.SkyAtmosphere.AerialPerspectiveLUT.DepthResolution:16.0]]
[2020.11.13-01.32.54:276][  0]LogConfig: Setting CVar [[r.SkyAtmosphere.FastSkyLUT:1]]
[2020.11.13-01.32.54:276][  0]LogConfig: Setting CVar [[r.SkyAtmosphere.FastSkyLUT.SampleCountMin:4.0]]
[2020.11.13-01.32.54:277][  0]LogConfig: Setting CVar [[r.SkyAtmosphere.FastSkyLUT.SampleCountMax:32.0]]
[2020.11.13-01.32.54:277][  0]LogConfig: Setting CVar [[r.SkyAtmosphere.SampleCountMin:4.0]]
[2020.11.13-01.32.54:277][  0]LogConfig: Setting CVar [[r.SkyAtmosphere.SampleCountMax:32.0]]
[2020.11.13-01.32.54:277][  0]LogConfig: Setting CVar [[r.SkyAtmosphere.TransmittanceLUT.UseSmallFormat:0]]
[2020.11.13-01.32.54:277][  0]LogConfig: Setting CVar [[r.SkyAtmosphere.TransmittanceLUT.SampleCount:10.0]]
[2020.11.13-01.32.54:277][  0]LogConfig: Setting CVar [[r.SkyAtmosphere.MultiScatteringLUT.SampleCount:15.0]]
[2020.11.13-01.32.54:277][  0]LogConfig: Applying CVar settings from Section [FoliageQuality@3] File [G:/ue4/projects/summerproject/summer-project/summer_project 4.25/Saved/Config/Windows/Scalability.ini]
[2020.11.13-01.32.54:277][  0]LogConfig: Setting CVar [[foliage.DensityScale:1.0]]
[2020.11.13-01.32.54:277][  0]LogConfig: Setting CVar [[grass.DensityScale:1.0]]
[2020.11.13-01.32.54:277][  0]LogConfig: Applying CVar settings from Section [ShadingQuality@3] File [G:/ue4/projects/summerproject/summer-project/summer_project 4.25/Saved/Config/Windows/Scalability.ini]
[2020.11.13-01.32.54:277][  0]LogConfig: Setting CVar [[r.HairStrands.SkyLighting.SampleCount:16]]
[2020.11.13-01.32.54:277][  0]LogConfig: Setting CVar [[r.HairStrands.SkyLighting.JitterIntegration:0]]
[2020.11.13-01.32.54:277][  0]LogConfig: Setting CVar [[r.HairStrands.SkyAO.SampleCount:16]]
[2020.11.13-01.32.54:277][  0]LogConfig: Setting CVar [[r.HairStrands.DeepShadow.SuperSampling:0]]
[2020.11.13-01.32.54:277][  0]LogConfig: Setting CVar [[r.HairStrands.VisibilityPPLL:0]]
[2020.11.13-01.32.54:277][  0]LogConfig: Setting CVar [[r.HairStrands.RasterizationScale:0.5]]
[2020.11.13-01.32.54:277][  0]LogConfig: Setting CVar [[r.HairStrands.VelocityRasterizationScale:1]]
[2020.11.13-01.32.54:277][  0]LogInit: Selected Device Profile: [Windows]
[2020.11.13-01.32.54:277][  0]LogInit: Applying CVar settings loaded from the selected device profile: [Windows]
[2020.11.13-01.32.54:277][  0]LogHAL: Display: Platform has ~ 16 GB [17115484160 / 17179869184 / 16], which maps to Larger [LargestMinGB=32, LargerMinGB=12, DefaultMinGB=8, SmallerMinGB=6, SmallestMinGB=0)
[2020.11.13-01.32.54:277][  0]LogInit: Going up to parent DeviceProfile []
[2020.11.13-01.32.54:277][  0]LogConfig: Applying CVar settings from Section [ViewDistanceQuality@3] File [G:/ue4/projects/summerproject/summer-project/summer_project 4.25/Saved/Config/Windows/Scalability.ini]
[2020.11.13-01.32.54:277][  0]LogConfig: Setting CVar [[r.SkeletalMeshLODBias:0]]
[2020.11.13-01.32.54:277][  0]LogConfig: Setting CVar [[r.ViewDistanceScale:1.0]]
[2020.11.13-01.32.54:277][  0]LogConfig: Applying CVar settings from Section [AntiAliasingQuality@3] File [G:/ue4/projects/summerproject/summer-project/summer_project 4.25/Saved/Config/Windows/Scalability.ini]
[2020.11.13-01.32.54:277][  0]LogConfig: Setting CVar [[r.PostProcessAAQuality:4]]
[2020.11.13-01.32.54:277][  0]LogConfig: Applying CVar settings from Section [ShadowQuality@3] File [G:/ue4/projects/summerproject/summer-project/summer_project 4.25/Saved/Config/Windows/Scalability.ini]
[2020.11.13-01.32.54:277][  0]LogConfig: Setting CVar [[r.LightFunctionQuality:1]]
[2020.11.13-01.32.54:277][  0]LogConfig: Setting CVar [[r.ShadowQuality:5]]
[2020.11.13-01.32.54:277][  0]LogConfig: Setting CVar [[r.Shadow.CSM.MaxCascades:10]]
[2020.11.13-01.32.54:277][  0]LogConfig: Setting CVar [[r.Shadow.MaxResolution:2048]]
[2020.11.13-01.32.54:277][  0]LogConfig: Setting CVar [[r.Shadow.MaxCSMResolution:2048]]
[2020.11.13-01.32.54:277][  0]LogConfig: Setting CVar [[r.Shadow.RadiusThreshold:0.01]]
[2020.11.13-01.32.54:277][  0]LogConfig: Setting CVar [[r.Shadow.DistanceScale:1.0]]
[2020.11.13-01.32.54:277][  0]LogConfig: Setting CVar [[r.Shadow.CSM.TransitionScale:1.0]]
[2020.11.13-01.32.54:277][  0]LogConfig: Setting CVar [[r.Shadow.PreShadowResolutionFactor:1.0]]
[2020.11.13-01.32.54:277][  0]LogConfig: Setting CVar [[r.DistanceFieldShadowing:1]]
[2020.11.13-01.32.54:277][  0]LogConfig: Setting CVar [[r.DistanceFieldAO:1]]
[2020.11.13-01.32.54:277][  0]LogConfig: Setting CVar [[r.AOQuality:2]]
[2020.11.13-01.32.54:277][  0]LogConfig: Setting CVar [[r.VolumetricFog:1]]
[2020.11.13-01.32.54:277][  0]LogConfig: Setting CVar [[r.VolumetricFog.GridPixelSize:8]]
[2020.11.13-01.32.54:277][  0]LogConfig: Setting CVar [[r.VolumetricFog.GridSizeZ:128]]
[2020.11.13-01.32.54:277][  0]LogConfig: Setting CVar [[r.VolumetricFog.HistoryMissSupersampleCount:4]]
[2020.11.13-01.32.54:277][  0]LogConfig: Setting CVar [[r.LightMaxDrawDistanceScale:1]]
[2020.11.13-01.32.54:277][  0]LogConfig: Setting CVar [[r.CapsuleShadows:1]]
[2020.11.13-01.32.54:277][  0]LogConfig: Applying CVar settings from Section [PostProcessQuality@3] File [G:/ue4/projects/summerproject/summer-project/summer_project 4.25/Saved/Config/Windows/Scalability.ini]
[2020.11.13-01.32.54:277][  0]LogConfig: Setting CVar [[r.MotionBlurQuality:4]]
[2020.11.13-01.32.54:277][  0]LogConfig: Setting CVar [[r.AmbientOcclusionMipLevelFactor:0.4]]
[2020.11.13-01.32.54:277][  0]LogConfig: Setting CVar [[r.AmbientOcclusionMaxQuality:100]]
[2020.11.13-01.32.54:277][  0]LogConfig: Setting CVar [[r.AmbientOcclusionLevels:-1]]
[2020.11.13-01.32.54:277][  0]LogConfig: Setting CVar [[r.AmbientOcclusionRadiusScale:1.0]]
[2020.11.13-01.32.54:277][  0]LogConfig: Setting CVar [[r.DepthOfFieldQuality:2]]
[2020.11.13-01.32.54:277][  0]LogConfig: Setting CVar [[r.RenderTargetPoolMin:400]]
[2020.11.13-01.32.54:277][  0]LogConfig: Setting CVar [[r.LensFlareQuality:2]]
[2020.11.13-01.32.54:277][  0]LogConfig: Setting CVar [[r.SceneColorFringeQuality:1]]
[2020.11.13-01.32.54:277][  0]LogConfig: Setting CVar [[r.EyeAdaptationQuality:2]]
[2020.11.13-01.32.54:277][  0]LogConfig: Setting CVar [[r.BloomQuality:5]]
[2020.11.13-01.32.54:277][  0]LogConfig: Setting CVar [[r.FastBlurThreshold:100]]
[2020.11.13-01.32.54:277][  0]LogConfig: Setting CVar [[r.Upscale.Quality:3]]
[2020.11.13-01.32.54:277][  0]LogConfig: Setting CVar [[r.Tonemapper.GrainQuantization:1]]
[2020.11.13-01.32.54:277][  0]LogConfig: Setting CVar [[r.LightShaftQuality:1]]
[2020.11.13-01.32.54:277][  0]LogConfig: Setting CVar [[r.Filter.SizeScale:1]]
[2020.11.13-01.32.54:277][  0]LogConfig: Setting CVar [[r.Tonemapper.Quality:5]]
[2020.11.13-01.32.54:277][  0]LogConfig: Setting CVar [[r.DOF.Gather.AccumulatorQuality:1        ; higher gathering accumulator quality]]
[2020.11.13-01.32.54:277][  0]LogConfig: Setting CVar [[r.DOF.Gather.PostfilterMethod:1          ; Median3x3 postfilering method]]
[2020.11.13-01.32.54:277][  0]LogConfig: Setting CVar [[r.DOF.Gather.EnableBokehSettings:0       ; no bokeh simulation when gathering]]
[2020.11.13-01.32.54:277][  0]LogConfig: Setting CVar [[r.DOF.Gather.RingCount:4                 ; medium number of samples when gathering]]
[2020.11.13-01.32.54:277][  0]LogConfig: Setting CVar [[r.DOF.Scatter.ForegroundCompositing:1    ; additive foreground scattering]]
[2020.11.13-01.32.54:277][  0]LogConfig: Setting CVar [[r.DOF.Scatter.BackgroundCompositing:2    ; additive background scattering]]
[2020.11.13-01.32.54:277][  0]LogConfig: Setting CVar [[r.DOF.Scatter.EnableBokehSettings:1      ; bokeh simulation when scattering]]
[2020.11.13-01.32.54:277][  0]LogConfig: Setting CVar [[r.DOF.Scatter.MaxSpriteRatio:0.1         ; only a maximum of 10% of scattered bokeh]]
[2020.11.13-01.32.54:277][  0]LogConfig: Setting CVar [[r.DOF.Recombine.Quality:1                ; cheap slight out of focus]]
[2020.11.13-01.32.54:277][  0]LogConfig: Setting CVar [[r.DOF.Recombine.EnableBokehSettings:0    ; no bokeh simulation on slight out of focus]]
[2020.11.13-01.32.54:277][  0]LogConfig: Setting CVar [[r.DOF.TemporalAAQuality:1                ; more stable temporal accumulation]]
[2020.11.13-01.32.54:277][  0]LogConfig: Setting CVar [[r.DOF.Kernel.MaxForegroundRadius:0.025]]
[2020.11.13-01.32.54:277][  0]LogConfig: Setting CVar [[r.DOF.Kernel.MaxBackgroundRadius:0.025]]
[2020.11.13-01.32.54:277][  0]LogConfig: Applying CVar settings from Section [TextureQuality@3] File [G:/ue4/projects/summerproject/summer-project/summer_project 4.25/Saved/Config/Windows/Scalability.ini]
[2020.11.13-01.32.54:277][  0]LogConfig: Setting CVar [[r.Streaming.MipBias:0]]
[2020.11.13-01.32.54:277][  0]LogConfig: Setting CVar [[r.Streaming.AmortizeCPUToGPUCopy:0]]
[2020.11.13-01.32.54:278][  0]LogConfig: Setting CVar [[r.Streaming.MaxNumTexturesToStreamPerFrame:0]]
[2020.11.13-01.32.54:278][  0]LogConfig: Setting CVar [[r.Streaming.Boost:1]]
[2020.11.13-01.32.54:278][  0]LogConfig: Setting CVar [[r.MaxAnisotropy:8]]
[2020.11.13-01.32.54:278][  0]LogConfig: Setting CVar [[r.VT.MaxAnisotropy:8]]
[2020.11.13-01.32.54:278][  0]LogConfig: Setting CVar [[r.Streaming.LimitPoolSizeToVRAM:0]]
[2020.11.13-01.32.54:278][  0]LogConfig: Setting CVar [[r.Streaming.PoolSize:1000]]
[2020.11.13-01.32.54:278][  0]LogConfig: Setting CVar [[r.Streaming.MaxEffectiveScreenSize:0]]
[2020.11.13-01.32.54:278][  0]LogConfig: Applying CVar settings from Section [EffectsQuality@3] File [G:/ue4/projects/summerproject/summer-project/summer_project 4.25/Saved/Config/Windows/Scalability.ini]
[2020.11.13-01.32.54:278][  0]LogConfig: Setting CVar [[r.TranslucencyLightingVolumeDim:64]]
[2020.11.13-01.32.54:278][  0]LogConfig: Setting CVar [[r.RefractionQuality:2]]
[2020.11.13-01.32.54:278][  0]LogConfig: Setting CVar [[r.SSR.Quality:3]]
[2020.11.13-01.32.54:278][  0]LogConfig: Setting CVar [[r.SSR.HalfResSceneColor:0]]
[2020.11.13-01.32.54:278][  0]LogConfig: Setting CVar [[r.SceneColorFormat:4]]
[2020.11.13-01.32.54:278][  0]LogConfig: Setting CVar [[r.DetailMode:2]]
[2020.11.13-01.32.54:278][  0]LogConfig: Setting CVar [[r.TranslucencyVolumeBlur:1]]
[2020.11.13-01.32.54:278][  0]LogConfig: Setting CVar [[r.MaterialQualityLevel:1 ; High quality]]
[2020.11.13-01.32.54:278][  0]LogConfig: Setting CVar [[r.SSS.Scale:1]]
[2020.11.13-01.32.54:278][  0]LogConfig: Setting CVar [[r.SSS.SampleSet:2]]
[2020.11.13-01.32.54:278][  0]LogConfig: Setting CVar [[r.SSS.Quality:1]]
[2020.11.13-01.32.54:278][  0]LogConfig: Setting CVar [[r.SSS.HalfRes:0]]
[2020.11.13-01.32.54:278][  0]LogConfig: Setting CVar [[r.SSGI.Quality:3]]
[2020.11.13-01.32.54:278][  0]LogConfig: Setting CVar [[r.EmitterSpawnRateScale:1.0]]
[2020.11.13-01.32.54:278][  0]LogConfig: Setting CVar [[r.ParticleLightQuality:2]]
[2020.11.13-01.32.54:278][  0]LogConfig: Setting CVar [[r.SkyAtmosphere.AerialPerspectiveLUT.FastApplyOnOpaque:1 ; Always have FastSkyLUT 1 in this case to avoid wrong sky]]
[2020.11.13-01.32.54:278][  0]LogConfig: Setting CVar [[r.SkyAtmosphere.AerialPerspectiveLUT.SampleCountPerSlice:1]]
[2020.11.13-01.32.54:278][  0]LogConfig: Setting CVar [[r.SkyAtmosphere.AerialPerspectiveLUT.DepthResolution:16.0]]
[2020.11.13-01.32.54:278][  0]LogConfig: Setting CVar [[r.SkyAtmosphere.FastSkyLUT:1]]
[2020.11.13-01.32.54:278][  0]LogConfig: Setting CVar [[r.SkyAtmosphere.FastSkyLUT.SampleCountMin:4.0]]
[2020.11.13-01.32.54:278][  0]LogConfig: Setting CVar [[r.SkyAtmosphere.FastSkyLUT.SampleCountMax:32.0]]
[2020.11.13-01.32.54:278][  0]LogConfig: Setting CVar [[r.SkyAtmosphere.SampleCountMin:4.0]]
[2020.11.13-01.32.54:278][  0]LogConfig: Setting CVar [[r.SkyAtmosphere.SampleCountMax:32.0]]
[2020.11.13-01.32.54:278][  0]LogConfig: Setting CVar [[r.SkyAtmosphere.TransmittanceLUT.UseSmallFormat:0]]
[2020.11.13-01.32.54:278][  0]LogConfig: Setting CVar [[r.SkyAtmosphere.TransmittanceLUT.SampleCount:10.0]]
[2020.11.13-01.32.54:278][  0]LogConfig: Setting CVar [[r.SkyAtmosphere.MultiScatteringLUT.SampleCount:15.0]]
[2020.11.13-01.32.54:278][  0]LogConfig: Applying CVar settings from Section [FoliageQuality@3] File [G:/ue4/projects/summerproject/summer-project/summer_project 4.25/Saved/Config/Windows/Scalability.ini]
[2020.11.13-01.32.54:278][  0]LogConfig: Setting CVar [[foliage.DensityScale:1.0]]
[2020.11.13-01.32.54:278][  0]LogConfig: Setting CVar [[grass.DensityScale:1.0]]
[2020.11.13-01.32.54:278][  0]LogConfig: Applying CVar settings from Section [ShadingQuality@3] File [G:/ue4/projects/summerproject/summer-project/summer_project 4.25/Saved/Config/Windows/Scalability.ini]
[2020.11.13-01.32.54:278][  0]LogConfig: Setting CVar [[r.HairStrands.SkyLighting.SampleCount:16]]
[2020.11.13-01.32.54:278][  0]LogConfig: Setting CVar [[r.HairStrands.SkyLighting.JitterIntegration:0]]
[2020.11.13-01.32.54:278][  0]LogConfig: Setting CVar [[r.HairStrands.SkyAO.SampleCount:16]]
[2020.11.13-01.32.54:278][  0]LogConfig: Setting CVar [[r.HairStrands.DeepShadow.SuperSampling:0]]
[2020.11.13-01.32.54:278][  0]LogConfig: Setting CVar [[r.HairStrands.VisibilityPPLL:0]]
[2020.11.13-01.32.54:278][  0]LogConfig: Setting CVar [[r.HairStrands.RasterizationScale:0.5]]
[2020.11.13-01.32.54:278][  0]LogConfig: Setting CVar [[r.HairStrands.VelocityRasterizationScale:1]]
[2020.11.13-01.32.54:278][  0]LogConfig: Applying CVar settings from Section [Startup] File [../../../Engine/Config/ConsoleVariables.ini]
[2020.11.13-01.32.54:278][  0]LogConfig: Setting CVar [[net.UseAdaptiveNetUpdateFrequency:0]]
[2020.11.13-01.32.54:278][  0]LogConfig: Setting CVar [[p.chaos.AllowCreatePhysxBodies:1]]
[2020.11.13-01.32.54:278][  0]LogConfig: Setting CVar [[fx.SkipVectorVMBackendOptimizations:1]]
[2020.11.13-01.32.54:278][  0]LogConfig: Applying CVar settings from Section [ConsoleVariables] File [G:/ue4/projects/summerproject/summer-project/summer_project 4.25/Saved/Config/Windows/Engine.ini]
[2020.11.13-01.32.54:278][  0]LogInit: Computer: DESKTOP-MHJ3VV5
[2020.11.13-01.32.54:278][  0]LogInit: User: avery
[2020.11.13-01.32.54:278][  0]LogInit: CPU Page size=4096, Cores=4
[2020.11.13-01.32.54:278][  0]LogInit: High frequency timer resolution =10.000000 MHz
[2020.11.13-01.32.54:278][  0]LogMemory: Memory total: Physical=15.9GB (16GB approx)
[2020.11.13-01.32.54:278][  0]LogMemory: Platform Memory Stats for Windows
[2020.11.13-01.32.54:278][  0]LogMemory: Process Physical Memory: 116.63 MB used, 116.63 MB peak
[2020.11.13-01.32.54:278][  0]LogMemory: Process Virtual Memory: 106.39 MB used, 106.39 MB peak
[2020.11.13-01.32.54:278][  0]LogMemory: Physical Memory: 7167.06 MB used,  9155.54 MB free, 16322.60 MB total
[2020.11.13-01.32.54:278][  0]LogMemory: Virtual Memory: 5155.07 MB used,  134212576.00 MB free, 134217728.00 MB total
[2020.11.13-01.32.54:282][  0]LogWindows: WindowsPlatformFeatures enabled
[2020.11.13-01.32.54:315][  0]LogInit: Physics initialised using underlying interface: PhysX
[2020.11.13-01.32.54:316][  0]LogInit: Using OS detected language (en-US).
[2020.11.13-01.32.54:316][  0]LogInit: Using OS detected locale (en-CA).
[2020.11.13-01.32.54:317][  0]LogTextLocalizationManager: No specific localization for 'en-US' exists, so the 'en' localization will be used.
[2020.11.13-01.32.54:459][  0]LogInit: Setting process to per monitor DPI aware
[2020.11.13-01.32.54:485][  0]LogSlate: New Slate User Created.  User Index 0, Is Virtual User: 0
[2020.11.13-01.32.54:485][  0]LogSlate: Slate User Registered.  User Index 0, Is Virtual User: 0
[2020.11.13-01.32.54:582][  0]LogHMD: Failed to initialize OpenVR with code 110
[2020.11.13-01.32.54:582][  0]LogD3D11RHI: D3D11 min allowed feature level: 11_0
[2020.11.13-01.32.54:582][  0]LogD3D11RHI: D3D11 max allowed feature level: 11_0
[2020.11.13-01.32.54:582][  0]LogD3D11RHI: D3D11 adapters:
[2020.11.13-01.32.54:661][  0]LogD3D11RHI:    0. 'NVIDIA GeForce GTX 1070' (Feature Level 11_0)
[2020.11.13-01.32.54:661][  0]LogD3D11RHI:       8088/0/8161 MB DedicatedVideo/DedicatedSystem/SharedSystem, Outputs:2, VendorId:0x10de
[2020.11.13-01.32.54:663][  0]LogD3D11RHI:    1. 'Microsoft Basic Render Driver' (Feature Level 11_0)
[2020.11.13-01.32.54:663][  0]LogD3D11RHI:       0/0/8161 MB DedicatedVideo/DedicatedSystem/SharedSystem, Outputs:0, VendorId:0x1414
[2020.11.13-01.32.54:663][  0]LogD3D11RHI: Chosen D3D11 Adapter: 0
[2020.11.13-01.32.54:668][  0]LogD3D11RHI: Creating new Direct3DDevice
[2020.11.13-01.32.54:668][  0]LogD3D11RHI:     GPU DeviceId: 0x1b81 (for the marketing name, search the web for "GPU Device Id")
[2020.11.13-01.32.54:668][  0]LogWindows: EnumDisplayDevices:
[2020.11.13-01.32.54:668][  0]LogWindows:    0. 'NVIDIA GeForce GTX 1070' (P:1 D:1)
[2020.11.13-01.32.54:668][  0]LogWindows:    1. 'NVIDIA GeForce GTX 1070' (P:0 D:1)
[2020.11.13-01.32.54:668][  0]LogWindows:    2. 'NVIDIA GeForce GTX 1070' (P:0 D:0)
[2020.11.13-01.32.54:669][  0]LogWindows:    3. 'NVIDIA GeForce GTX 1070' (P:0 D:0)
[2020.11.13-01.32.54:669][  0]LogWindows: DebugString: FoundDriverCount:4 
[2020.11.13-01.32.54:669][  0]LogD3D11RHI:     Adapter Name: NVIDIA GeForce GTX 1070
[2020.11.13-01.32.54:669][  0]LogD3D11RHI:   Driver Version: 456.71 (internal:27.21.14.5671, unified:456.71)
[2020.11.13-01.32.54:669][  0]LogD3D11RHI:      Driver Date: 9-30-2020
[2020.11.13-01.32.54:669][  0]LogRHI: Texture pool is 5661 MB (70% of 8088 MB)
[2020.11.13-01.32.54:718][  0]LogD3D11RHI: RHI has support for 64 bit atomics
[2020.11.13-01.32.54:720][  0]LogD3D11RHI: [Aftermath] Enabled and primed
[2020.11.13-01.32.54:720][  0]LogD3D11RHI: Async texture creation enabled
[2020.11.13-01.32.54:720][  0]LogD3D11RHI: Array index from any shader is supported
[2020.11.13-01.32.54:750][  0]LogD3D11RHI: GPU Timing Frequency: 1000.000000 (Debug: 2 1)
[2020.11.13-01.32.54:975][  0]LogTargetPlatformManager: Display: Loaded TargetPlatform 'AllDesktop'
[2020.11.13-01.32.54:991][  0]LogTargetPlatformManager: Display: Loaded TargetPlatform 'Android'
[2020.11.13-01.32.54:991][  0]LogTargetPlatformManager: Display: Loaded TargetPlatform 'Android_ASTC'
[2020.11.13-01.32.54:991][  0]LogTargetPlatformManager: Display: Loaded TargetPlatform 'Android_DXT'
[2020.11.13-01.32.54:991][  0]LogTargetPlatformManager: Display: Loaded TargetPlatform 'Android_ETC2'
[2020.11.13-01.32.54:991][  0]LogTargetPlatformManager: Display: Loaded TargetPlatform 'AndroidClient'
[2020.11.13-01.32.54:991][  0]LogTargetPlatformManager: Display: Loaded TargetPlatform 'Android_ASTCClient'
[2020.11.13-01.32.54:991][  0]LogTargetPlatformManager: Display: Loaded TargetPlatform 'Android_DXTClient'
[2020.11.13-01.32.54:991][  0]LogTargetPlatformManager: Display: Loaded TargetPlatform 'Android_ETC2Client'
[2020.11.13-01.32.54:991][  0]LogTargetPlatformManager: Display: Loaded TargetPlatform 'Android_Multi'
[2020.11.13-01.32.54:991][  0]LogTargetPlatformManager: Display: Loaded TargetPlatform 'Android_MultiClient'
[2020.11.13-01.32.55:008][  0]LogTargetPlatformManager: Display: Loaded TargetPlatform 'IOSClient'
[2020.11.13-01.32.55:008][  0]LogTargetPlatformManager: Display: Loaded TargetPlatform 'IOS'
[2020.11.13-01.32.55:015][  0]LogTargetPlatformManager: Display: Loaded TargetPlatform 'Linux'
[2020.11.13-01.32.55:022][  0]LogTargetPlatformManager: Display: Loaded TargetPlatform 'LinuxNoEditor'
[2020.11.13-01.32.55:029][  0]LogTargetPlatformManager: Display: Loaded TargetPlatform 'LinuxClient'
[2020.11.13-01.32.55:035][  0]LogTargetPlatformManager: Display: Loaded TargetPlatform 'LinuxServer'
[2020.11.13-01.32.55:042][  0]LogTargetPlatformManager: Display: Loaded TargetPlatform 'LinuxAArch64NoEditor'
[2020.11.13-01.32.55:049][  0]LogTargetPlatformManager: Display: Loaded TargetPlatform 'LinuxAArch64Client'
[2020.11.13-01.32.55:055][  0]LogTargetPlatformManager: Display: Loaded TargetPlatform 'LinuxAArch64Server'
[2020.11.13-01.32.55:076][  0]LogTargetPlatformManager: Display: Loaded TargetPlatform 'Lumin'
[2020.11.13-01.32.55:076][  0]LogTargetPlatformManager: Display: Loaded TargetPlatform 'LuminClient'
[2020.11.13-01.32.55:088][  0]LogTargetPlatformManager: Display: Loaded TargetPlatform 'TVOSClient'
[2020.11.13-01.32.55:088][  0]LogTargetPlatformManager: Display: Loaded TargetPlatform 'TVOS'
[2020.11.13-01.32.55:095][  0]LogTargetPlatformManager: Display: Loaded TargetPlatform 'WindowsNoEditor'
[2020.11.13-01.32.55:102][  0]LogTargetPlatformManager: Display: Loaded TargetPlatform 'Windows'
[2020.11.13-01.32.55:108][  0]LogTargetPlatformManager: Display: Loaded TargetPlatform 'WindowsClient'
[2020.11.13-01.32.55:115][  0]LogTargetPlatformManager: Display: Loaded TargetPlatform 'WindowsServer'
[2020.11.13-01.32.55:115][  0]LogTargetPlatformManager: Display: Building Assets For Windows
[2020.11.13-01.32.55:120][  0]LogAudioDebug: Display: Lib vorbis DLL was dynamically loaded.
[2020.11.13-01.32.55:157][  0]LogShaderCompilers: Guid format shader working directory is -24 characters bigger than the processId version (../../../../projects/summerproject/summer-project/summer_project 4.25/Intermediate/Shaders/WorkingDirectory/11564/).
[2020.11.13-01.32.55:157][  0]LogShaderCompilers: Cleaned the shader compiler working directory 'C:/Users/avery/AppData/Local/Temp/UnrealShaderWorkingDir/79C0C36F4C73627D120AAD81443B4ECA/'.
[2020.11.13-01.32.55:157][  0]LogXGEController: Cannot use XGE Controller as Incredibuild is not installed on this machine.
[2020.11.13-01.32.55:157][  0]LogShaderCompilers: Cannot use XGE Shader Compiler as Incredibuild is not installed on this machine.
[2020.11.13-01.32.55:157][  0]LogShaderCompilers: Display: Using Local Shader Compiler.
[2020.11.13-01.32.55:757][  0]LogDerivedDataCache: Display: Max Cache Size: 512 MB
[2020.11.13-01.32.55:809][  0]LogDerivedDataCache: Loaded boot cache 0.05s 91MB C:/Users/avery/AppData/Local/UnrealEngine/4.25/DerivedDataCache/Boot.ddc.
[2020.11.13-01.32.55:809][  0]LogDerivedDataCache: Display: Loaded Boot cache: C:/Users/avery/AppData/Local/UnrealEngine/4.25/DerivedDataCache/Boot.ddc
[2020.11.13-01.32.55:809][  0]LogDerivedDataCache: FDerivedDataBackendGraph:  Pak pak cache file ../../../../projects/summerproject/summer-project/summer_project 4.25/DerivedDataCache/DDC.ddp not found, will not use a pak cache.
[2020.11.13-01.32.55:809][  0]LogDerivedDataCache: Unable to find inner node Pak for hierarchical cache Hierarchy.
[2020.11.13-01.32.55:809][  0]LogDerivedDataCache: FDerivedDataBackendGraph:  CompressedPak pak cache file ../../../../projects/summerproject/summer-project/summer_project 4.25/DerivedDataCache/Compressed.ddp not found, will not use a pak cache.
[2020.11.13-01.32.55:809][  0]LogDerivedDataCache: Unable to find inner node CompressedPak for hierarchical cache Hierarchy.
[2020.11.13-01.32.55:818][  0]LogDerivedDataCache: Display: Pak cache opened for reading ../../../Engine/DerivedDataCache/Compressed.ddp.
[2020.11.13-01.32.55:818][  0]LogDerivedDataCache: FDerivedDataBackendGraph:  EnterprisePak pak cache file ../../../Enterprise/DerivedDataCache/Compressed.ddp not found, will not use a pak cache.
[2020.11.13-01.32.55:818][  0]LogDerivedDataCache: Unable to find inner node EnterprisePak for hierarchical cache Hierarchy.
[2020.11.13-01.32.55:819][  0]LogDerivedDataCache: Using Local data cache path C:/Users/avery/AppData/Local/UnrealEngine/Common/DerivedDataCache: Writable
[2020.11.13-01.32.55:819][  0]LogDerivedDataCache: Shared data cache path not found in *engine.ini, will not use an Shared cache.
[2020.11.13-01.32.55:819][  0]LogDerivedDataCache: Unable to find inner node Shared for hierarchical cache Hierarchy.
[2020.11.13-01.32.55:859][  0]LogSlate: Using FreeType 2.10.0
[2020.11.13-01.32.55:859][  0]LogSlate: SlateFontServices - WITH_FREETYPE: 1, WITH_HARFBUZZ: 1
[2020.11.13-01.32.55:878][  0]LogAssetRegistry: FAssetRegistry took 0.0018 seconds to start up
[2020.11.13-01.32.56:063][  0]LogInit: Selected Device Profile: [Windows]
[2020.11.13-01.32.56:146][  0]LogMeshReduction: Using QuadricMeshReduction for automatic static mesh reduction
[2020.11.13-01.32.56:146][  0]LogMeshReduction: Using SimplygonMeshReduction for automatic skeletal mesh reduction
[2020.11.13-01.32.56:146][  0]LogMeshReduction: Using ProxyLODMeshReduction for automatic mesh merging
[2020.11.13-01.32.56:146][  0]LogMeshReduction: No distributed automatic mesh merging module available
[2020.11.13-01.32.56:146][  0]LogMeshMerging: No distributed automatic mesh merging module available
[2020.11.13-01.32.56:159][  0]LogNetVersion: summer_project 1.0.0, NetCL: 13144385, EngineNetVer: 14, GameNetVer: 0 (Checksum: 3106377609)
[2020.11.13-01.32.56:492][  0]LogAISub: UAISubsystem::UAISubsystem AISubsystem (0000021C34929BC0), frame # 0
[2020.11.13-01.32.56:492][  0]LogAISub: UAISubsystem::UAISubsystem AIPerceptionSystem (0000021C3487DE40), frame # 0
[2020.11.13-01.32.56:494][  0]LogAISub: UAISubsystem::UAISubsystem EnvQueryManager (0000021C348D5E00), frame # 0
[2020.11.13-01.32.56:534][  0]LogPackageLocalizationCache: Processed 20 localized package path(s) for 1 prioritized culture(s) in 0.035104 seconds
[2020.11.13-01.32.56:537][  0]LogUObjectArray: 15917 objects as part of root set at end of initial load.
[2020.11.13-01.32.56:538][  0]LogUObjectAllocator: 3965568 out of 0 bytes used by permanent object pool.
[2020.11.13-01.32.56:538][  0]LogUObjectArray: CloseDisregardForGC: 0/0 objects in disregard for GC pool
[2020.11.13-01.32.56:760][  0]LogTcpMessaging: Initializing TcpMessaging bridge
[2020.11.13-01.32.56:763][  0]LogUdpMessaging: Initializing bridge on interface 0.0.0.0:0 to multicast group 230.0.0.1:6666.
[2020.11.13-01.32.56:814][  0]SourceControl: Source control is disabled
[2020.11.13-01.32.56:814][  0]SourceControl: Source control is disabled
[2020.11.13-01.32.56:816][  0]SourceControl: Source control is disabled
[2020.11.13-01.32.56:818][  0]SourceControl: Source control is disabled
[2020.11.13-01.32.56:823][  0]SourceControl: Source control is disabled
[2020.11.13-01.32.56:832][  0]LogVSAccessor: Display: Unable to create Visual Studio setup instance: 80040154
[2020.11.13-01.32.56:832][  0]LogVSAccessor: Display: Unable to create Visual Studio setup instance: 80040154
[2020.11.13-01.32.57:434][  0]LogAndroidPermission: UAndroidPermissionCallbackProxy::GetInstance
[2020.11.13-01.32.57:448][  0]LogAudioCaptureCore: Display: No Audio Capture implementations found. Audio input will be silent.
[2020.11.13-01.32.57:448][  0]LogAudioCaptureCore: Display: No Audio Capture implementations found. Audio input will be silent.
[2020.11.13-01.32.57:482][  0]LogOcInput: OculusInput pre-init called
[2020.11.13-01.32.57:488][  0]LogWindows: Failed to load 'OVRPlugin.dll' (GetLastError=126)
[2020.11.13-01.32.57:488][  0]LogWindows: File 'OVRPlugin.dll' does not exist
[2020.11.13-01.32.57:535][  0]LogEngine: Initializing Engine...
[2020.11.13-01.32.57:536][  0]LogHMD: Failed to initialize OpenVR with code 110
[2020.11.13-01.32.57:536][  0]LogMagicLeap: Warning: VR disabled because ZI is not enabled.  To enable, in the editor, Edit -> Project Settings -> Plugins -> Magic Leap Plugin -> Enable Zero Iteration
[2020.11.13-01.32.57:536][  0]LogStats: UGameplayTagsManager::InitializeManager -  0.000 s
[2020.11.13-01.32.57:630][  0]LogInit: Initializing FReadOnlyCVARCache
[2020.11.13-01.32.57:642][  0]LogAIModule: Creating AISystem for world Untitled
[2020.11.13-01.32.57:643][  0]LogAISub: UAISubsystem::UAISubsystem EnvQueryManager (0000021C3E7AA200), frame # 0
[2020.11.13-01.32.57:643][  0]LogAISub: UAISubsystem::UAISubsystem AIPerceptionSystem (0000021C3E7C60C0), frame # 0
[2020.11.13-01.32.57:650][  0]LogAudioMixer: Display: Audio Mixer Platform Settings:
[2020.11.13-01.32.57:650][  0]LogAudioMixer: Display: 	Sample Rate:						  48000
[2020.11.13-01.32.57:650][  0]LogAudioMixer: Display: 	Callback Buffer Frame Size Requested: 1024
[2020.11.13-01.32.57:650][  0]LogAudioMixer: Display: 	Callback Buffer Frame Size To Use:	  1024
[2020.11.13-01.32.57:650][  0]LogAudioMixer: Display: 	Number of buffers to queue:			  2
[2020.11.13-01.32.57:650][  0]LogAudioMixer: Display: 	Max Channels (voices):				  32
[2020.11.13-01.32.57:650][  0]LogAudioMixer: Display: 	Number of Async Source Workers:		  0
[2020.11.13-01.32.57:650][  0]LogAudio: Display: AudioDevice MaxSources: 32
[2020.11.13-01.32.57:650][  0]LogAudio: Display: Using built-in audio occlusion.
[2020.11.13-01.32.57:650][  0]LogAudioMixer: Display: Initializing audio mixer.
[2020.11.13-01.32.57:659][  0]LogAudioMixer: Display: 0: FrontLeft
[2020.11.13-01.32.57:659][  0]LogAudioMixer: Display: 1: FrontRight
[2020.11.13-01.32.57:682][  0]LogAudioMixer: Display: Using Audio Device Headphones (High Definition Audio Device)
[2020.11.13-01.32.57:685][  0]LogAudioMixer: Display: Initializing Sound Submixes...
[2020.11.13-01.32.57:686][  0]LogAudioMixer: Display: Creating Master Submix 'MasterSubmixDefault'
[2020.11.13-01.32.57:686][  0]LogAudioMixer: Display: Creating Master Submix 'MasterReverbSubmixDefault'
[2020.11.13-01.32.57:687][  0]LogAudioMixer: Display: Creating Master Submix 'MasterEQSubmixDefault'
[2020.11.13-01.32.57:688][  0]LogInit: FAudioDevice initialized.
[2020.11.13-01.32.57:688][  0]LogNetVersion: Set ProjectVersion to 1.0.0.0. Version Checksum will be recalculated on next use.
[2020.11.13-01.32.57:844][  0]LogDerivedDataCache: Saved boot cache 0.16s 91MB C:/Users/avery/AppData/Local/UnrealEngine/4.25/DerivedDataCache/Boot.ddc.
[2020.11.13-01.32.57:847][  0]LogInit: Texture streaming: Enabled
[2020.11.13-01.32.57:859][  0]LogEngineSessionManager: EngineSessionManager initialized
[2020.11.13-01.32.57:859][  0]LogEditorSessionSummary: Verbose: Initializing EditorSessionSummaryWriter for editor session tracking
[2020.11.13-01.32.57:860][  0]LogEditorSessionSummary: EditorSessionSummaryWriter initialized
[2020.11.13-01.32.57:912][  0]LogInit: Transaction tracking system initialized
[2020.11.13-01.32.57:928][  0]BlueprintLog: New page: Editor Load
[2020.11.13-01.32.57:973][  0]LocalizationService: Localization service is disabled
[2020.11.13-01.32.58:030][  0]LogVSAccessor: Display: Unable to create Visual Studio setup instance: 80040154
[2020.11.13-01.32.58:030][  0]LogVSAccessor: Display: Unable to create Visual Studio setup instance: 80040154
[2020.11.13-01.32.58:088][  0]LogCook: Display: Max memory allowance for cook 16384mb min free memory 0mb
[2020.11.13-01.32.58:088][  0]LogCook: Display: Mobile HDR setting 1
[2020.11.13-01.32.58:118][  0]LogFileCache: Scanning file cache for directory 'G:/ue4/projects/summerproject/summer-project/summer_project 4.25/Content/' took 0.01s
[2020.11.13-01.32.58:339][  0]SourceControl: Source control is disabled
[2020.11.13-01.32.58:340][  0]LogUnrealEdMisc: Loading editor; pre map load, took 4.949
[2020.11.13-01.32.58:340][  0]Cmd: MAP LOAD FILE="../../../../projects/summerproject/summer-project/summer_project 4.25/Content/Maps/testing_room.umap" TEMPLATE=0 SHOWPROGRESS=1 FEATURELEVEL=3
[2020.11.13-01.32.58:340][  0]LightingResults: New page: Lighting Build
[2020.11.13-01.32.58:340][  0]LogWorld: UWorld::CleanupWorld for Untitled, bSessionEnded=true, bCleanupResources=true
[2020.11.13-01.32.58:340][  0]LogSlate: InvalidateAllWidgets triggered.  All widgets were invalidated
[2020.11.13-01.32.58:341][  0]MapCheck: New page: Map Check
[2020.11.13-01.32.58:341][  0]LightingResults: New page: Lighting Build
[2020.11.13-01.32.58:349][  0]LogAISub: UAISubsystem::~UAISubsystem EnvQueryManager (0000021C3E7AA200), frame # 0
[2020.11.13-01.32.58:349][  0]LogAISub: UAISubsystem::~UAISubsystem AIPerceptionSystem (0000021C3E7C60C0), frame # 0
[2020.11.13-01.32.58:349][  0]LogUObjectHash: Compacting FUObjectHashTables data took   0.52ms
[2020.11.13-01.32.58:997][  0]LogBlueprint: Warning: Timeline Timeline_0_0 Track turn in /Engine/Transient.REINST_Ability_DamageSpell_missle_C_16 has an invalid curve.  Please fix!
[2020.11.13-01.32.59:598][  0]LogAIModule: Creating AISystem for world testing_room
[2020.11.13-01.32.59:598][  0]LogAISub: UAISubsystem::UAISubsystem EnvQueryManager (0000021C4576DE00), frame # 0
[2020.11.13-01.32.59:599][  0]LogAISub: UAISubsystem::UAISubsystem AIPerceptionSystem (0000021C24D71580), frame # 0
[2020.11.13-01.32.59:611][  0]LogEditorServer: Finished looking for orphan Actors (0.000 secs)
[2020.11.13-01.32.59:624][  0]LogUObjectHash: Compacting FUObjectHashTables data took   0.98ms
[2020.11.13-01.32.59:625][  0]Cmd: MAP CHECKDEP NOCLEARLOG
[2020.11.13-01.32.59:625][  0]MapCheck: Map check complete: 0 Error(s), 0 Warning(s), took 0.097ms to complete.
[2020.11.13-01.32.59:625][  0]LogFileHelpers: Loading map 'testing_room' took 1.285
[2020.11.13-01.32.59:626][  0]LogUnrealEdMisc: Total Editor Startup Time, took 6.235
[2020.11.13-01.32.59:774][  0]LogSlate: Updating window title bar state: overlay mode, drag disabled, window buttons hidden, title bar hidden
[2020.11.13-01.32.59:781][  0]LogSlate: Updating window title bar state: overlay mode, drag disabled, window buttons hidden, title bar hidden
[2020.11.13-01.32.59:787][  0]LogSlate: Updating window title bar state: overlay mode, drag disabled, window buttons hidden, title bar hidden
[2020.11.13-01.32.59:793][  0]LogSlate: Updating window title bar state: overlay mode, drag disabled, window buttons hidden, title bar hidden
[2020.11.13-01.32.59:842][  0]LogCollectionManager: Loaded 0 collections in 0.000610 seconds
[2020.11.13-01.32.59:866][  0]LogFileCache: Scanning file cache for directory 'G:/ue4/projects/summerproject/summer-project/summer_project 4.25/Saved/Collections/' took 0.00s
[2020.11.13-01.32.59:866][  0]LogFileCache: Scanning file cache for directory 'G:/ue4/projects/summerproject/summer-project/summer_project 4.25/Content/Developers/avery/Collections/' took 0.00s
[2020.11.13-01.32.59:866][  0]LogFileCache: Scanning file cache for directory 'G:/ue4/projects/summerproject/summer-project/summer_project 4.25/Content/Collections/' took 0.00s
[2020.11.13-01.32.59:866][  0]LogContentBrowser: Native class hierarchy populated in 0.0072 seconds. Added 3433 classes and 824 folders.
[2020.11.13-01.32.59:870][  0]LogContentBrowser: Native class hierarchy updated for 'WidgetCarousel' in 0.0002 seconds. Added 0 classes and 0 folders.
[2020.11.13-01.33.00:341][  0]LogContentBrowser: Native class hierarchy updated for 'AddContentDialog' in 0.0003 seconds. Added 0 classes and 0 folders.
[2020.11.13-01.33.00:491][  0]LogSlate: Took 0.000186 seconds to synchronously load lazily loaded font '../../../Engine/Content/Slate/Fonts/Roboto-Regular.ttf' (155K)
[2020.11.13-01.33.00:494][  0]LogSlate: Took 0.000115 seconds to synchronously load lazily loaded font '../../../Engine/Content/Slate/Fonts/Roboto-Bold.ttf' (160K)
[2020.11.13-01.33.00:502][  0]LogSlate: Took 0.005096 seconds to synchronously load lazily loaded font '../../../Engine/Content/Editor/Slate/Fonts/FontAwesome.ttf' (139K)
[2020.11.13-01.33.00:550][  0]LogRenderer: Reallocating scene render targets to support 1916x924 Format 10 NumSamples 1 (Frame:1).
[2020.11.13-01.33.00:671][  0]LogContentBrowser: Native class hierarchy updated for 'HierarchicalLODOutliner' in 0.0002 seconds. Added 0 classes and 0 folders.
[2020.11.13-01.33.00:672][  0]LogLoad: (Engine Initialization) Total time: 7.28 seconds
[2020.11.13-01.33.00:672][  0]LogLoad: (Engine Initialization) Total Blueprint compile time: 0.00 seconds
[2020.11.13-01.33.00:709][  0]LogAssetRegistry: Asset discovery search completed in 4.8314 seconds
[2020.11.13-01.33.00:712][  0]LogCollectionManager: Fixed up redirectors for 0 collections in 0.000002 seconds (updated 0 objects)
[2020.11.13-01.33.00:714][  0]LogContentStreaming: Texture pool size now 1000 MB
[2020.11.13-01.33.00:749][  0]LogSlate: Took 0.004914 seconds to synchronously load lazily loaded font '../../../Engine/Content/Slate/Fonts/Roboto-Light.ttf' (167K)
[2020.11.13-01.33.21:772][ 13]LogSlate: Took 0.000111 seconds to synchronously load lazily loaded font '../../../Engine/Content/Slate/Fonts/Roboto-Light.ttf' (167K)
[2020.11.13-01.33.21:781][ 13]LogAssetEditorSubsystem: Opening Asset editor for Blueprint /Game/PlayerCharacter/Abilites/Defualts/Ability_DamageSpell_missle.Ability_DamageSpell_missle
[2020.11.13-01.33.22:238][ 13]LogContentBrowser: Native class hierarchy updated for 'BlueprintGraph' in 0.0004 seconds. Added 125 classes and 0 folders.
[2020.11.13-01.33.23:034][ 13]LogSlate: Took 0.000117 seconds to synchronously load lazily loaded font '../../../Engine/Content/Slate/Fonts/Roboto-BoldCondensed.ttf' (158K)
[2020.11.13-01.33.23:148][ 14]LogSlate: Took 0.006652 seconds to synchronously load lazily loaded font '../../../Engine/Content/Slate/Fonts/Roboto-Italic.ttf' (157K)
[2020.11.13-01.34.46:432][878]LogAssetEditorSubsystem: Opening Asset editor for Blueprint /Game/PlayerCharacter/Abilites/Defualts/Ability.Ability
[2020.11.13-01.35.24:174][263]BlueprintLog: New page: Compile Ability
[2020.11.13-01.35.24:218][263]LogBlueprint: Warning: Timeline Timeline_0_0 Track turn in /Engine/Transient.REINST_Ability_DamageSpell_missle_C_129 has an invalid curve.  Please fix!
[2020.11.13-01.35.24:285][263]LogUObjectHash: Compacting FUObjectHashTables data took   1.94ms
[2020.11.13-01.35.24:382][263]LogSlate: Took 0.006055 seconds to synchronously load lazily loaded font '../../../Engine/Content/Slate/Fonts/DroidSansMono.ttf' (77K)
[2020.11.13-01.35.24:589][281]LogSavePackage: Moving '../../../../projects/summerproject/summer-project/summer_project 4.25/Saved/Ability3AFDF63E435F65376AF931BFB8CB71E4.tmp' to '../../../../projects/summerproject/summer-project/summer_project 4.25/Content/PlayerCharacter/Abilites/Defualts/Ability.uasset'
[2020.11.13-01.35.24:599][281]AssetCheck: New page: Asset Save: Ability
[2020.11.13-01.35.24:600][281]LogContentValidation: Display: Validating Blueprint /Game/PlayerCharacter/Abilites/Defualts/Ability.Ability
[2020.11.13-01.35.50:324][ 21]BlueprintLog: New page: Compile Ability
[2020.11.13-01.35.50:353][ 21]LogBlueprint: Warning: Timeline Timeline_0_0 Track turn in /Engine/Transient.REINST_Ability_DamageSpell_missle_C_167 has an invalid curve.  Please fix!
[2020.11.13-01.35.50:427][ 21]LogUObjectHash: Compacting FUObjectHashTables data took   1.91ms
[2020.11.13-01.35.50:723][ 47]LogSavePackage: Moving '../../../../projects/summerproject/summer-project/summer_project 4.25/Saved/AbilityCDD884BD4DA92044449473832FBB1A5D.tmp' to '../../../../projects/summerproject/summer-project/summer_project 4.25/Content/PlayerCharacter/Abilites/Defualts/Ability.uasset'
[2020.11.13-01.35.50:730][ 47]AssetCheck: New page: Asset Save: Ability
[2020.11.13-01.35.50:730][ 47]LogContentValidation: Display: Validating Blueprint /Game/PlayerCharacter/Abilites/Defualts/Ability.Ability
[2020.11.13-01.36.08:935][273]LogAssetEditorSubsystem: Opening Asset editor for Blueprint /Game/PlayerCharacter/Abilites/Defualts/Ability_Buff.Ability_Buff
[2020.11.13-01.36.29:692][263]BlueprintLog: New page: Compile Ability_Buff
[2020.11.13-01.36.29:737][263]LogUObjectHash: Compacting FUObjectHashTables data took   1.90ms
[2020.11.13-01.36.30:115][297]LogSavePackage: Moving '../../../../projects/summerproject/summer-project/summer_project 4.25/Saved/Ability_Buff90E09E284181A014E653F4AC62E0ABDA.tmp' to '../../../../projects/summerproject/summer-project/summer_project 4.25/Content/PlayerCharacter/Abilites/Defualts/Ability_Buff.uasset'
[2020.11.13-01.36.30:126][297]AssetCheck: New page: Asset Save: Ability_Buff
[2020.11.13-01.36.30:126][297]LogContentValidation: Display: Validating Blueprint /Game/PlayerCharacter/Abilites/Defualts/Ability_Buff.Ability_Buff
[2020.11.13-01.36.32:263][536]LogPlayLevel: PlayLevel: No blueprints needed recompiling
[2020.11.13-01.36.32:265][536]PIE: New page: PIE session: testing_room (Nov. 12, 2020, 3:36:32 p.m.)
[2020.11.13-01.36.32:266][536]LogOnline: OSS: Creating online subsystem instance for: NULL
[2020.11.13-01.36.32:267][536]LogOnline: OSS: TryLoadSubsystemAndSetDefault: Loaded subsystem for module [NULL]
[2020.11.13-01.36.32:267][536]LogPlayLevel: Creating play world package: /Game/Maps/UEDPIE_0_testing_room
[2020.11.13-01.36.32:270][536]LogPlayLevel: PIE: StaticDuplicateObject took: (0.002883s)
[2020.11.13-01.36.32:270][536]LogAIModule: Creating AISystem for world testing_room
[2020.11.13-01.36.32:270][536]LogAISub: UAISubsystem::UAISubsystem EnvQueryManager (0000021CA7BD8600), frame # 8536
[2020.11.13-01.36.32:271][536]LogAISub: UAISubsystem::UAISubsystem AIPerceptionSystem (0000021C8FDD16C0), frame # 8536
[2020.11.13-01.36.32:271][536]LogPlayLevel: PIE: World Init took: (0.000906s)
[2020.11.13-01.36.32:271][536]LogPlayLevel: PIE: Created PIE world by copying editor world from /Game/Maps/testing_room.testing_room to /Game/Maps/UEDPIE_0_testing_room.testing_room (0.003887s)
[2020.11.13-01.36.32:291][536]LogUObjectHash: Compacting FUObjectHashTables data took   1.95ms
[2020.11.13-01.36.32:291][536]LogAudioMixer: Display: Audio Mixer Platform Settings:
[2020.11.13-01.36.32:291][536]LogAudioMixer: Display: 	Sample Rate:						  48000
[2020.11.13-01.36.32:291][536]LogAudioMixer: Display: 	Callback Buffer Frame Size Requested: 1024
[2020.11.13-01.36.32:291][536]LogAudioMixer: Display: 	Callback Buffer Frame Size To Use:	  1024
[2020.11.13-01.36.32:291][536]LogAudioMixer: Display: 	Number of buffers to queue:			  2
[2020.11.13-01.36.32:291][536]LogAudioMixer: Display: 	Max Channels (voices):				  32
[2020.11.13-01.36.32:291][536]LogAudioMixer: Display: 	Number of Async Source Workers:		  0
[2020.11.13-01.36.32:291][536]LogAudio: Display: AudioDevice MaxSources: 32
[2020.11.13-01.36.32:292][536]LogAudio: Display: Using built-in audio occlusion.
[2020.11.13-01.36.32:292][536]LogAudioMixer: Display: Initializing audio mixer.
[2020.11.13-01.36.32:293][536]LogAudioMixer: Display: 0: FrontLeft
[2020.11.13-01.36.32:293][536]LogAudioMixer: Display: 1: FrontRight
[2020.11.13-01.36.32:304][536]LogAudioMixer: Display: Using Audio Device Headphones (High Definition Audio Device)
[2020.11.13-01.36.32:304][536]LogAudioMixer: Display: Initializing Sound Submixes...
[2020.11.13-01.36.32:304][536]LogAudioMixer: Display: Creating Master Submix 'MasterSubmixDefault'
[2020.11.13-01.36.32:304][536]LogAudioMixer: Display: Creating Master Submix 'MasterReverbSubmixDefault'
[2020.11.13-01.36.32:304][536]LogAudioMixer: Display: Creating Master Submix 'MasterEQSubmixDefault'
[2020.11.13-01.36.32:313][536]LogInit: FAudioDevice initialized.
[2020.11.13-01.36.32:366][536]LogSlate: Updating window title bar state: overlay mode, drag disabled, window buttons hidden, title bar hidden
[2020.11.13-01.36.32:366][536]LogLoad: Game class is 'ThirdPersonGameMode_C'
[2020.11.13-01.36.32:370][536]LogWorld: Bringing World /Game/Maps/UEDPIE_0_testing_room.testing_room up for play (max tick rate 0) at 2020.11.12-20.36.32
[2020.11.13-01.36.32:372][536]LogWorld: Bringing up level for play took: 0.003909
[2020.11.13-01.36.32:373][536]LogOnline: OSS: Creating online subsystem instance for: :Context_4
[2020.11.13-01.36.32:385][536]LogContentBrowser: Native class hierarchy updated for 'MovieSceneCapture' in 0.0003 seconds. Added 20 classes and 0 folders.
[2020.11.13-01.36.32:408][536]LogScript: Warning: Script Msg: Attempted to access index 0 from array 'Inventory' of length 0 in '/Game/PlayerCharacter/InvSystem/InventoryCompenent.InventoryCompenent_C'!
[2020.11.13-01.36.32:408][536]LogScript: Warning: Script Msg: Attempted to access index 1 from array 'Inventory' of length 0 in '/Game/PlayerCharacter/InvSystem/InventoryCompenent.InventoryCompenent_C'!
[2020.11.13-01.36.32:408][536]LogScript: Warning: Script Msg: Attempted to access index 2 from array 'Inventory' of length 0 in '/Game/PlayerCharacter/InvSystem/InventoryCompenent.InventoryCompenent_C'!
[2020.11.13-01.36.32:409][536]LogScript: Warning: Script Msg: Attempted to access index 3 from array 'Inventory' of length 0 in '/Game/PlayerCharacter/InvSystem/InventoryCompenent.InventoryCompenent_C'!
[2020.11.13-01.36.32:409][536]LogScript: Warning: Script Msg: Attempted to access index 4 from array 'Inventory' of length 0 in '/Game/PlayerCharacter/InvSystem/InventoryCompenent.InventoryCompenent_C'!
[2020.11.13-01.36.32:409][536]LogScript: Warning: Script Msg: Attempted to access index 5 from array 'Inventory' of length 0 in '/Game/PlayerCharacter/InvSystem/InventoryCompenent.InventoryCompenent_C'!
[2020.11.13-01.36.32:409][536]LogScript: Warning: Script Msg: Attempted to access index 6 from array 'Inventory' of length 0 in '/Game/PlayerCharacter/InvSystem/InventoryCompenent.InventoryCompenent_C'!
[2020.11.13-01.36.32:410][536]LogScript: Warning: Script Msg: Attempted to access index 7 from array 'Inventory' of length 0 in '/Game/PlayerCharacter/InvSystem/InventoryCompenent.InventoryCompenent_C'!
[2020.11.13-01.36.32:410][536]LogScript: Warning: Script Msg: Attempted to access index 8 from array 'Inventory' of length 0 in '/Game/PlayerCharacter/InvSystem/InventoryCompenent.InventoryCompenent_C'!
[2020.11.13-01.36.32:410][536]LogScript: Warning: Script Msg: Attempted to access index 9 from array 'Inventory' of length 0 in '/Game/PlayerCharacter/InvSystem/InventoryCompenent.InventoryCompenent_C'!
[2020.11.13-01.36.32:410][536]LogScript: Warning: Script Msg: Attempted to access index 10 from array 'Inventory' of length 0 in '/Game/PlayerCharacter/InvSystem/InventoryCompenent.InventoryCompenent_C'!
[2020.11.13-01.36.32:411][536]LogScript: Warning: Script Msg: Attempted to access index 11 from array 'Inventory' of length 0 in '/Game/PlayerCharacter/InvSystem/InventoryCompenent.InventoryCompenent_C'!
[2020.11.13-01.36.32:411][536]LogScript: Warning: Script Msg: Attempted to access index 12 from array 'Inventory' of length 0 in '/Game/PlayerCharacter/InvSystem/InventoryCompenent.InventoryCompenent_C'!
[2020.11.13-01.36.32:411][536]LogScript: Warning: Script Msg: Attempted to access index 13 from array 'Inventory' of length 0 in '/Game/PlayerCharacter/InvSystem/InventoryCompenent.InventoryCompenent_C'!
[2020.11.13-01.36.32:411][536]LogScript: Warning: Script Msg: Attempted to access index 14 from array 'Inventory' of length 0 in '/Game/PlayerCharacter/InvSystem/InventoryCompenent.InventoryCompenent_C'!
[2020.11.13-01.36.32:412][536]LogScript: Warning: Script Msg: Attempted to access index 15 from array 'Inventory' of length 0 in '/Game/PlayerCharacter/InvSystem/InventoryCompenent.InventoryCompenent_C'!
[2020.11.13-01.36.32:412][536]LogScript: Warning: Script Msg: Attempted to access index 16 from array 'Inventory' of length 0 in '/Game/PlayerCharacter/InvSystem/InventoryCompenent.InventoryCompenent_C'!
[2020.11.13-01.36.32:412][536]LogScript: Warning: Script Msg: Attempted to access index 17 from array 'Inventory' of length 0 in '/Game/PlayerCharacter/InvSystem/InventoryCompenent.InventoryCompenent_C'!
[2020.11.13-01.36.32:413][536]LogScript: Warning: Script Msg: Attempted to access index 18 from array 'Inventory' of length 0 in '/Game/PlayerCharacter/InvSystem/InventoryCompenent.InventoryCompenent_C'!
[2020.11.13-01.36.32:413][536]LogScript: Warning: Script Msg: Attempted to access index 19 from array 'Inventory' of length 0 in '/Game/PlayerCharacter/InvSystem/InventoryCompenent.InventoryCompenent_C'!
[2020.11.13-01.36.32:413][536]LogScript: Warning: Script Msg: Attempted to access index 20 from array 'Inventory' of length 0 in '/Game/PlayerCharacter/InvSystem/InventoryCompenent.InventoryCompenent_C'!
[2020.11.13-01.36.32:413][536]LogScript: Warning: Script Msg: Attempted to access index 21 from array 'Inventory' of length 0 in '/Game/PlayerCharacter/InvSystem/InventoryCompenent.InventoryCompenent_C'!
[2020.11.13-01.36.32:414][536]LogScript: Warning: Script Msg: Attempted to access index 22 from array 'Inventory' of length 0 in '/Game/PlayerCharacter/InvSystem/InventoryCompenent.InventoryCompenent_C'!
[2020.11.13-01.36.32:414][536]LogScript: Warning: Script Msg: Attempted to access index 23 from array 'Inventory' of length 0 in '/Game/PlayerCharacter/InvSystem/InventoryCompenent.InventoryCompenent_C'!
[2020.11.13-01.36.32:414][536]LogScript: Warning: Script Msg: Attempted to access index 24 from array 'Inventory' of length 0 in '/Game/PlayerCharacter/InvSystem/InventoryCompenent.InventoryCompenent_C'!
[2020.11.13-01.36.32:414][536]LogScript: Warning: Script Msg: Attempted to access index 25 from array 'Inventory' of length 0 in '/Game/PlayerCharacter/InvSystem/InventoryCompenent.InventoryCompenent_C'!
[2020.11.13-01.36.32:415][536]LogScript: Warning: Script Msg: Attempted to access index 26 from array 'Inventory' of length 0 in '/Game/PlayerCharacter/InvSystem/InventoryCompenent.InventoryCompenent_C'!
[2020.11.13-01.36.32:415][536]LogScript: Warning: Script Msg: Attempted to access index 27 from array 'Inventory' of length 0 in '/Game/PlayerCharacter/InvSystem/InventoryCompenent.InventoryCompenent_C'!
[2020.11.13-01.36.32:415][536]LogScript: Warning: Script Msg: Attempted to access index 28 from array 'Inventory' of length 0 in '/Game/PlayerCharacter/InvSystem/InventoryCompenent.InventoryCompenent_C'!
[2020.11.13-01.36.32:415][536]LogScript: Warning: Script Msg: Attempted to access index 29 from array 'Inventory' of length 0 in '/Game/PlayerCharacter/InvSystem/InventoryCompenent.InventoryCompenent_C'!
[2020.11.13-01.36.32:416][536]LogScript: Warning: Script Msg: Attempted to access index 30 from array 'Inventory' of length 0 in '/Game/PlayerCharacter/InvSystem/InventoryCompenent.InventoryCompenent_C'!
[2020.11.13-01.36.32:416][536]LogScript: Warning: Script Msg: Attempted to access index 31 from array 'Inventory' of length 0 in '/Game/PlayerCharacter/InvSystem/InventoryCompenent.InventoryCompenent_C'!
[2020.11.13-01.36.32:416][536]LogScript: Warning: Script Msg: Attempted to access index 32 from array 'Inventory' of length 0 in '/Game/PlayerCharacter/InvSystem/InventoryCompenent.InventoryCompenent_C'!
[2020.11.13-01.36.32:416][536]LogScript: Warning: Script Msg: Attempted to access index 33 from array 'Inventory' of length 0 in '/Game/PlayerCharacter/InvSystem/InventoryCompenent.InventoryCompenent_C'!
[2020.11.13-01.36.32:417][536]LogScript: Warning: Script Msg: Attempted to access index 34 from array 'Inventory' of length 0 in '/Game/PlayerCharacter/InvSystem/InventoryCompenent.InventoryCompenent_C'!
[2020.11.13-01.36.32:417][536]LogScript: Warning: Script Msg: Attempted to access index 35 from array 'Inventory' of length 0 in '/Game/PlayerCharacter/InvSystem/InventoryCompenent.InventoryCompenent_C'!
[2020.11.13-01.36.32:417][536]LogScript: Warning: Script Msg: Attempted to access index 36 from array 'Inventory' of length 0 in '/Game/PlayerCharacter/InvSystem/InventoryCompenent.InventoryCompenent_C'!
[2020.11.13-01.36.32:417][536]LogScript: Warning: Script Msg: Attempted to access index 37 from array 'Inventory' of length 0 in '/Game/PlayerCharacter/InvSystem/InventoryCompenent.InventoryCompenent_C'!
[2020.11.13-01.36.32:418][536]LogScript: Warning: Script Msg: Attempted to access index 38 from array 'Inventory' of length 0 in '/Game/PlayerCharacter/InvSystem/InventoryCompenent.InventoryCompenent_C'!
[2020.11.13-01.36.32:418][536]LogScript: Warning: Script Msg: Attempted to access index 39 from array 'Inventory' of length 0 in '/Game/PlayerCharacter/InvSystem/InventoryCompenent.InventoryCompenent_C'!
[2020.11.13-01.36.32:418][536]LogScript: Warning: Script Msg: Attempted to access index 40 from array 'Inventory' of length 0 in '/Game/PlayerCharacter/InvSystem/InventoryCompenent.InventoryCompenent_C'!
[2020.11.13-01.36.32:418][536]LogScript: Warning: Script Msg: Attempted to access index 41 from array 'Inventory' of length 0 in '/Game/PlayerCharacter/InvSystem/InventoryCompenent.InventoryCompenent_C'!
[2020.11.13-01.36.32:419][536]LogScript: Warning: Script Msg: Attempted to access index 42 from array 'Inventory' of length 0 in '/Game/PlayerCharacter/InvSystem/InventoryCompenent.InventoryCompenent_C'!
[2020.11.13-01.36.32:419][536]LogScript: Warning: Script Msg: Attempted to access index 43 from array 'Inventory' of length 0 in '/Game/PlayerCharacter/InvSystem/InventoryCompenent.InventoryCompenent_C'!
[2020.11.13-01.36.32:419][536]LogScript: Warning: Script Msg: Attempted to access index 44 from array 'Inventory' of length 0 in '/Game/PlayerCharacter/InvSystem/InventoryCompenent.InventoryCompenent_C'!
[2020.11.13-01.36.32:419][536]LogScript: Warning: Script Msg: Attempted to access index 45 from array 'Inventory' of length 0 in '/Game/PlayerCharacter/InvSystem/InventoryCompenent.InventoryCompenent_C'!
[2020.11.13-01.36.32:420][536]LogScript: Warning: Script Msg: Attempted to access index 46 from array 'Inventory' of length 0 in '/Game/PlayerCharacter/InvSystem/InventoryCompenent.InventoryCompenent_C'!
[2020.11.13-01.36.32:420][536]LogScript: Warning: Script Msg: Attempted to access index 47 from array 'Inventory' of length 0 in '/Game/PlayerCharacter/InvSystem/InventoryCompenent.InventoryCompenent_C'!
[2020.11.13-01.36.32:420][536]LogBlueprintUserMessages: [invUI] Hello
[2020.11.13-01.36.32:420][536]Cmd: r.setres 1920x1080
[2020.11.13-01.36.32:421][536]r.SetRes = "1920x1080"
[2020.11.13-01.36.32:423][536]PIE: Server logged in
[2020.11.13-01.36.32:425][536]PIE: Play in editor total start time 0.166 seconds.
[2020.11.13-01.36.34:114][674]LogScript: Warning: Script Msg: SetTimer passed a negative or zero time.  The associated timer may fail to fire!  If using InitialStartDelayVariance, be sure it is smaller than (Time + InitialStartDelay).
[2020.11.13-01.36.37:953][ 78]LogSlate: Window 'summer_project Preview [NetMode: Standalone] (64-bit/Windows) ' being destroyed
[2020.11.13-01.36.37:958][ 78]LogWorld: BeginTearingDown for /Game/Maps/UEDPIE_0_testing_room
[2020.11.13-01.36.37:990][ 78]LogWorld: UWorld::CleanupWorld for testing_room, bSessionEnded=true, bCleanupResources=true
[2020.11.13-01.36.37:991][ 78]LogSlate: InvalidateAllWidgets triggered.  All widgets were invalidated
[2020.11.13-01.36.37:995][ 78]LogPlayLevel: Display: Shutting down PIE online subsystems
[2020.11.13-01.36.37:999][ 78]LogSlate: InvalidateAllWidgets triggered.  All widgets were invalidated
[2020.11.13-01.36.38:048][ 78]LogAISub: UAISubsystem::~UAISubsystem AIPerceptionSystem (0000021C8FDD16C0), frame # 9078
[2020.11.13-01.36.38:048][ 78]LogAISub: UAISubsystem::~UAISubsystem EnvQueryManager (0000021CA7BD8600), frame # 9078
[2020.11.13-01.36.38:051][ 78]LogUObjectHash: Compacting FUObjectHashTables data took   2.59ms
[2020.11.13-01.36.38:085][ 79]LogPlayLevel: Display: Destroying online subsystem :Context_4
[2020.11.13-01.37.31:121][838]LogAssetEditorSubsystem: Opening Asset editor for WidgetBlueprint /Game/PlayerCharacter/HUD/CastBar/HotBar.HotBar
[2020.11.13-01.38.09:205][644]LogAssetEditorSubsystem: Opening Asset editor for WidgetBlueprint /Game/PlayerCharacter/HUD/MainHUD.MainHUD
[2020.11.13-01.38.19:551][805]LogWorld: UWorld::CleanupWorld for World_7, bSessionEnded=true, bCleanupResources=true
[2020.11.13-01.38.19:551][805]LogSlate: InvalidateAllWidgets triggered.  All widgets were invalidated
[2020.11.13-01.38.19:557][805]LogWorld: UWorld::CleanupWorld for World_6, bSessionEnded=true, bCleanupResources=true
[2020.11.13-01.38.19:557][805]LogSlate: InvalidateAllWidgets triggered.  All widgets were invalidated
[2020.11.13-01.38.53:805][623]LogAssetEditorSubsystem: Opening Asset editor for WidgetBlueprint /Game/PlayerCharacter/HUD/Frames/playerHealth.playerHealth
